{"/home/runner/work/tourdepizza/tourdepizza/backend/src/domain/entities/Customer.js": {"path":"/home/runner/work/tourdepizza/tourdepizza/backend/src/domain/entities/Customer.js","statementMap":{"0":{"start":{"line":2,"column":23},"end":{"line":2,"column":38}},"1":{"start":{"line":6,"column":4},"end":{"line":6,"column":29}},"2":{"start":{"line":7,"column":4},"end":{"line":7,"column":21}},"3":{"start":{"line":8,"column":4},"end":{"line":8,"column":23}},"4":{"start":{"line":9,"column":4},"end":{"line":9,"column":23}},"5":{"start":{"line":10,"column":4},"end":{"line":10,"column":31}},"6":{"start":{"line":11,"column":4},"end":{"line":11,"column":32}},"7":{"start":{"line":12,"column":4},"end":{"line":12,"column":32}},"8":{"start":{"line":16,"column":4},"end":{"line":19,"column":5}},"9":{"start":{"line":16,"column":34},"end":{"line":16,"column":57}},"10":{"start":{"line":17,"column":6},"end":{"line":17,"column":35}},"11":{"start":{"line":18,"column":6},"end":{"line":18,"column":34}},"12":{"start":{"line":23,"column":4},"end":{"line":23,"column":72}},"13":{"start":{"line":23,"column":48},"end":{"line":23,"column":70}},"14":{"start":{"line":24,"column":4},"end":{"line":24,"column":32}},"15":{"start":{"line":28,"column":4},"end":{"line":28,"column":60}},"16":{"start":{"line":28,"column":36},"end":{"line":28,"column":58}},"17":{"start":{"line":32,"column":19},"end":{"line":32,"column":21}},"18":{"start":{"line":34,"column":4},"end":{"line":36,"column":5}},"19":{"start":{"line":35,"column":6},"end":{"line":35,"column":47}},"20":{"start":{"line":38,"column":4},"end":{"line":40,"column":5}},"21":{"start":{"line":39,"column":6},"end":{"line":39,"column":45}},"22":{"start":{"line":42,"column":4},"end":{"line":44,"column":5}},"23":{"start":{"line":43,"column":6},"end":{"line":43,"column":46}},"24":{"start":{"line":46,"column":4},"end":{"line":49,"column":6}},"25":{"start":{"line":53,"column":23},"end":{"line":53,"column":51}},"26":{"start":{"line":54,"column":4},"end":{"line":54,"column":34}},"27":{"start":{"line":58,"column":0},"end":{"line":58,"column":26}}},"fnMap":{"0":{"name":"(anonymous_0)","decl":{"start":{"line":5,"column":2},"end":{"line":5,"column":3}},"loc":{"start":{"line":5,"column":54},"end":{"line":13,"column":3}},"line":5},"1":{"name":"(anonymous_1)","decl":{"start":{"line":15,"column":2},"end":{"line":15,"column":3}},"loc":{"start":{"line":15,"column":22},"end":{"line":20,"column":3}},"line":15},"2":{"name":"(anonymous_2)","decl":{"start":{"line":16,"column":29},"end":{"line":16,"column":30}},"loc":{"start":{"line":16,"column":34},"end":{"line":16,"column":57}},"line":16},"3":{"name":"(anonymous_3)","decl":{"start":{"line":22,"column":2},"end":{"line":22,"column":3}},"loc":{"start":{"line":22,"column":29},"end":{"line":25,"column":3}},"line":22},"4":{"name":"(anonymous_4)","decl":{"start":{"line":23,"column":43},"end":{"line":23,"column":44}},"loc":{"start":{"line":23,"column":48},"end":{"line":23,"column":70}},"line":23},"5":{"name":"(anonymous_5)","decl":{"start":{"line":27,"column":2},"end":{"line":27,"column":3}},"loc":{"start":{"line":27,"column":26},"end":{"line":29,"column":3}},"line":27},"6":{"name":"(anonymous_6)","decl":{"start":{"line":28,"column":31},"end":{"line":28,"column":32}},"loc":{"start":{"line":28,"column":36},"end":{"line":28,"column":58}},"line":28},"7":{"name":"(anonymous_7)","decl":{"start":{"line":31,"column":2},"end":{"line":31,"column":3}},"loc":{"start":{"line":31,"column":13},"end":{"line":50,"column":3}},"line":31},"8":{"name":"(anonymous_8)","decl":{"start":{"line":52,"column":2},"end":{"line":52,"column":3}},"loc":{"start":{"line":52,"column":22},"end":{"line":55,"column":3}},"line":52}},"branchMap":{"0":{"loc":{"start":{"line":5,"column":38},"end":{"line":5,"column":52}},"type":"default-arg","locations":[{"start":{"line":5,"column":50},"end":{"line":5,"column":52}}],"line":5},"1":{"loc":{"start":{"line":6,"column":14},"end":{"line":6,"column":28}},"type":"binary-expr","locations":[{"start":{"line":6,"column":14},"end":{"line":6,"column":16}},{"start":{"line":6,"column":20},"end":{"line":6,"column":28}}],"line":6},"2":{"loc":{"start":{"line":16,"column":4},"end":{"line":19,"column":5}},"type":"if","locations":[{"start":{"line":16,"column":4},"end":{"line":19,"column":5}},{"start":{},"end":{}}],"line":16},"3":{"loc":{"start":{"line":34,"column":4},"end":{"line":36,"column":5}},"type":"if","locations":[{"start":{"line":34,"column":4},"end":{"line":36,"column":5}},{"start":{},"end":{}}],"line":34},"4":{"loc":{"start":{"line":34,"column":8},"end":{"line":34,"column":45}},"type":"binary-expr","locations":[{"start":{"line":34,"column":8},"end":{"line":34,"column":18}},{"start":{"line":34,"column":22},"end":{"line":34,"column":45}}],"line":34},"5":{"loc":{"start":{"line":38,"column":4},"end":{"line":40,"column":5}},"type":"if","locations":[{"start":{"line":38,"column":4},"end":{"line":40,"column":5}},{"start":{},"end":{}}],"line":38},"6":{"loc":{"start":{"line":38,"column":8},"end":{"line":38,"column":53}},"type":"binary-expr","locations":[{"start":{"line":38,"column":8},"end":{"line":38,"column":19}},{"start":{"line":38,"column":23},"end":{"line":38,"column":53}}],"line":38},"7":{"loc":{"start":{"line":42,"column":4},"end":{"line":44,"column":5}},"type":"if","locations":[{"start":{"line":42,"column":4},"end":{"line":44,"column":5}},{"start":{},"end":{}}],"line":42},"8":{"loc":{"start":{"line":42,"column":8},"end":{"line":42,"column":47}},"type":"binary-expr","locations":[{"start":{"line":42,"column":8},"end":{"line":42,"column":19}},{"start":{"line":42,"column":23},"end":{"line":42,"column":47}}],"line":42}},"s":{"0":3,"1":14,"2":14,"3":14,"4":14,"5":14,"6":14,"7":14,"8":6,"9":3,"10":5,"11":5,"12":2,"13":4,"14":2,"15":2,"16":2,"17":8,"18":8,"19":1,"20":8,"21":2,"22":8,"23":1,"24":8,"25":13,"26":13,"27":3},"f":{"0":14,"1":6,"2":3,"3":2,"4":4,"5":2,"6":2,"7":8,"8":13},"b":{"0":[2],"1":[14,14],"2":[5,1],"3":[1,7],"4":[8,7],"5":[2,6],"6":[8,8],"7":[1,7],"8":[8,7]},"_coverageSchema":"1a1c01bbd47fc00a2c39e90264f33305004495a9","hash":"0d5fdab8e762d766771469c4b7b2bcaf6eca36bb"}
,"/home/runner/work/tourdepizza/tourdepizza/backend/src/domain/entities/Order.js": {"path":"/home/runner/work/tourdepizza/tourdepizza/backend/src/domain/entities/Order.js","statementMap":{"0":{"start":{"line":2,"column":23},"end":{"line":2,"column":38}},"1":{"start":{"line":6,"column":4},"end":{"line":6,"column":29}},"2":{"start":{"line":7,"column":4},"end":{"line":7,"column":33}},"3":{"start":{"line":8,"column":4},"end":{"line":8,"column":23}},"4":{"start":{"line":9,"column":4},"end":{"line":9,"column":43}},"5":{"start":{"line":10,"column":4},"end":{"line":10,"column":27}},"6":{"start":{"line":11,"column":4},"end":{"line":11,"column":28}},"7":{"start":{"line":12,"column":4},"end":{"line":12,"column":32}},"8":{"start":{"line":13,"column":4},"end":{"line":13,"column":32}},"9":{"start":{"line":17,"column":25},"end":{"line":17,"column":75}},"10":{"start":{"line":17,"column":49},"end":{"line":17,"column":74}},"11":{"start":{"line":19,"column":4},"end":{"line":29,"column":5}},"12":{"start":{"line":20,"column":6},"end":{"line":20,"column":40}},"13":{"start":{"line":21,"column":6},"end":{"line":21,"column":74}},"14":{"start":{"line":23,"column":6},"end":{"line":28,"column":9}},"15":{"start":{"line":31,"column":4},"end":{"line":31,"column":32}},"16":{"start":{"line":35,"column":4},"end":{"line":35,"column":69}},"17":{"start":{"line":35,"column":43},"end":{"line":35,"column":67}},"18":{"start":{"line":36,"column":4},"end":{"line":36,"column":32}},"19":{"start":{"line":40,"column":17},"end":{"line":40,"column":66}},"20":{"start":{"line":40,"column":41},"end":{"line":40,"column":65}},"21":{"start":{"line":42,"column":4},"end":{"line":50,"column":5}},"22":{"start":{"line":43,"column":6},"end":{"line":49,"column":7}},"23":{"start":{"line":44,"column":8},"end":{"line":44,"column":33}},"24":{"start":{"line":46,"column":8},"end":{"line":46,"column":33}},"25":{"start":{"line":47,"column":8},"end":{"line":47,"column":60}},"26":{"start":{"line":48,"column":8},"end":{"line":48,"column":36}},"27":{"start":{"line":54,"column":4},"end":{"line":54,"column":35}},"28":{"start":{"line":55,"column":4},"end":{"line":55,"column":32}},"29":{"start":{"line":59,"column":4},"end":{"line":59,"column":27}},"30":{"start":{"line":60,"column":4},"end":{"line":60,"column":32}},"31":{"start":{"line":64,"column":4},"end":{"line":64,"column":65}},"32":{"start":{"line":64,"column":44},"end":{"line":64,"column":60}},"33":{"start":{"line":68,"column":23},"end":{"line":68,"column":38}},"34":{"start":{"line":69,"column":4},"end":{"line":71,"column":5}},"35":{"start":{"line":70,"column":6},"end":{"line":70,"column":79}},"36":{"start":{"line":73,"column":4},"end":{"line":73,"column":30}},"37":{"start":{"line":74,"column":4},"end":{"line":74,"column":32}},"38":{"start":{"line":78,"column":4},"end":{"line":80,"column":5}},"39":{"start":{"line":79,"column":6},"end":{"line":79,"column":57}},"40":{"start":{"line":82,"column":4},"end":{"line":82,"column":30}},"41":{"start":{"line":83,"column":4},"end":{"line":83,"column":32}},"42":{"start":{"line":87,"column":19},"end":{"line":87,"column":21}},"43":{"start":{"line":89,"column":4},"end":{"line":91,"column":5}},"44":{"start":{"line":90,"column":6},"end":{"line":90,"column":45}},"45":{"start":{"line":93,"column":4},"end":{"line":95,"column":5}},"46":{"start":{"line":94,"column":6},"end":{"line":94,"column":55}},"47":{"start":{"line":97,"column":4},"end":{"line":99,"column":5}},"48":{"start":{"line":98,"column":6},"end":{"line":98,"column":50}},"49":{"start":{"line":101,"column":4},"end":{"line":103,"column":5}},"50":{"start":{"line":102,"column":6},"end":{"line":102,"column":53}},"51":{"start":{"line":105,"column":4},"end":{"line":108,"column":6}},"52":{"start":{"line":112,"column":0},"end":{"line":112,"column":23}}},"fnMap":{"0":{"name":"(anonymous_0)","decl":{"start":{"line":5,"column":2},"end":{"line":5,"column":3}},"loc":{"start":{"line":5,"column":82},"end":{"line":14,"column":3}},"line":5},"1":{"name":"(anonymous_1)","decl":{"start":{"line":16,"column":2},"end":{"line":16,"column":3}},"loc":{"start":{"line":16,"column":31},"end":{"line":32,"column":3}},"line":16},"2":{"name":"(anonymous_2)","decl":{"start":{"line":17,"column":41},"end":{"line":17,"column":42}},"loc":{"start":{"line":17,"column":49},"end":{"line":17,"column":74}},"line":17},"3":{"name":"(anonymous_3)","decl":{"start":{"line":34,"column":2},"end":{"line":34,"column":3}},"loc":{"start":{"line":34,"column":22},"end":{"line":37,"column":3}},"line":34},"4":{"name":"(anonymous_4)","decl":{"start":{"line":35,"column":35},"end":{"line":35,"column":36}},"loc":{"start":{"line":35,"column":43},"end":{"line":35,"column":67}},"line":35},"5":{"name":"(anonymous_5)","decl":{"start":{"line":39,"column":2},"end":{"line":39,"column":3}},"loc":{"start":{"line":39,"column":40},"end":{"line":51,"column":3}},"line":39},"6":{"name":"(anonymous_6)","decl":{"start":{"line":40,"column":33},"end":{"line":40,"column":34}},"loc":{"start":{"line":40,"column":41},"end":{"line":40,"column":65}},"line":40},"7":{"name":"(anonymous_7)","decl":{"start":{"line":53,"column":2},"end":{"line":53,"column":3}},"loc":{"start":{"line":53,"column":30},"end":{"line":56,"column":3}},"line":53},"8":{"name":"(anonymous_8)","decl":{"start":{"line":58,"column":2},"end":{"line":58,"column":3}},"loc":{"start":{"line":58,"column":22},"end":{"line":61,"column":3}},"line":58},"9":{"name":"(anonymous_9)","decl":{"start":{"line":63,"column":2},"end":{"line":63,"column":3}},"loc":{"start":{"line":63,"column":19},"end":{"line":65,"column":3}},"line":63},"10":{"name":"(anonymous_10)","decl":{"start":{"line":64,"column":29},"end":{"line":64,"column":30}},"loc":{"start":{"line":64,"column":44},"end":{"line":64,"column":60}},"line":64},"11":{"name":"(anonymous_11)","decl":{"start":{"line":67,"column":2},"end":{"line":67,"column":3}},"loc":{"start":{"line":67,"column":12},"end":{"line":75,"column":3}},"line":67},"12":{"name":"(anonymous_12)","decl":{"start":{"line":77,"column":2},"end":{"line":77,"column":3}},"loc":{"start":{"line":77,"column":11},"end":{"line":84,"column":3}},"line":77},"13":{"name":"(anonymous_13)","decl":{"start":{"line":86,"column":2},"end":{"line":86,"column":3}},"loc":{"start":{"line":86,"column":13},"end":{"line":109,"column":3}},"line":86}},"branchMap":{"0":{"loc":{"start":{"line":5,"column":30},"end":{"line":5,"column":40}},"type":"default-arg","locations":[{"start":{"line":5,"column":38},"end":{"line":5,"column":40}}],"line":5},"1":{"loc":{"start":{"line":5,"column":42},"end":{"line":5,"column":64}},"type":"default-arg","locations":[{"start":{"line":5,"column":60},"end":{"line":5,"column":64}}],"line":5},"2":{"loc":{"start":{"line":5,"column":66},"end":{"line":5,"column":80}},"type":"default-arg","locations":[{"start":{"line":5,"column":76},"end":{"line":5,"column":80}}],"line":5},"3":{"loc":{"start":{"line":6,"column":14},"end":{"line":6,"column":28}},"type":"binary-expr","locations":[{"start":{"line":6,"column":14},"end":{"line":6,"column":16}},{"start":{"line":6,"column":20},"end":{"line":6,"column":28}}],"line":6},"4":{"loc":{"start":{"line":16,"column":17},"end":{"line":16,"column":29}},"type":"default-arg","locations":[{"start":{"line":16,"column":28},"end":{"line":16,"column":29}}],"line":16},"5":{"loc":{"start":{"line":19,"column":4},"end":{"line":29,"column":5}},"type":"if","locations":[{"start":{"line":19,"column":4},"end":{"line":29,"column":5}},{"start":{"line":22,"column":11},"end":{"line":29,"column":5}}],"line":19},"6":{"loc":{"start":{"line":42,"column":4},"end":{"line":50,"column":5}},"type":"if","locations":[{"start":{"line":42,"column":4},"end":{"line":50,"column":5}},{"start":{},"end":{}}],"line":42},"7":{"loc":{"start":{"line":43,"column":6},"end":{"line":49,"column":7}},"type":"if","locations":[{"start":{"line":43,"column":6},"end":{"line":49,"column":7}},{"start":{"line":45,"column":13},"end":{"line":49,"column":7}}],"line":43},"8":{"loc":{"start":{"line":69,"column":4},"end":{"line":71,"column":5}},"type":"if","locations":[{"start":{"line":69,"column":4},"end":{"line":71,"column":5}},{"start":{},"end":{}}],"line":69},"9":{"loc":{"start":{"line":78,"column":4},"end":{"line":80,"column":5}},"type":"if","locations":[{"start":{"line":78,"column":4},"end":{"line":80,"column":5}},{"start":{},"end":{}}],"line":78},"10":{"loc":{"start":{"line":89,"column":4},"end":{"line":91,"column":5}},"type":"if","locations":[{"start":{"line":89,"column":4},"end":{"line":91,"column":5}},{"start":{},"end":{}}],"line":89},"11":{"loc":{"start":{"line":93,"column":4},"end":{"line":95,"column":5}},"type":"if","locations":[{"start":{"line":93,"column":4},"end":{"line":95,"column":5}},{"start":{},"end":{}}],"line":93},"12":{"loc":{"start":{"line":93,"column":8},"end":{"line":93,"column":46}},"type":"binary-expr","locations":[{"start":{"line":93,"column":8},"end":{"line":93,"column":19}},{"start":{"line":93,"column":23},"end":{"line":93,"column":46}}],"line":93},"13":{"loc":{"start":{"line":97,"column":4},"end":{"line":99,"column":5}},"type":"if","locations":[{"start":{"line":97,"column":4},"end":{"line":99,"column":5}},{"start":{},"end":{}}],"line":97},"14":{"loc":{"start":{"line":101,"column":4},"end":{"line":103,"column":5}},"type":"if","locations":[{"start":{"line":101,"column":4},"end":{"line":103,"column":5}},{"start":{},"end":{}}],"line":101}},"s":{"0":3,"1":24,"2":24,"3":24,"4":24,"5":24,"6":24,"7":24,"8":24,"9":16,"10":2,"11":16,"12":1,"13":1,"14":15,"15":16,"16":3,"17":3,"18":3,"19":3,"20":3,"21":3,"22":3,"23":1,"24":2,"25":2,"26":2,"27":6,"28":6,"29":5,"30":5,"31":4,"32":4,"33":3,"34":3,"35":1,"36":2,"37":2,"38":3,"39":1,"40":2,"41":2,"42":8,"43":8,"44":1,"45":8,"46":3,"47":8,"48":4,"49":8,"50":5,"51":8,"52":3},"f":{"0":24,"1":16,"2":2,"3":3,"4":3,"5":3,"6":3,"7":6,"8":5,"9":4,"10":4,"11":3,"12":3,"13":8},"b":{"0":[24],"1":[24],"2":[24],"3":[24,24],"4":[0],"5":[1,15],"6":[3,0],"7":[1,2],"8":[1,2],"9":[1,2],"10":[1,7],"11":[3,5],"12":[8,8],"13":[4,4],"14":[5,3]},"_coverageSchema":"1a1c01bbd47fc00a2c39e90264f33305004495a9","hash":"93770608e0b0972e6059a6e988be103d0140a95a"}
,"/home/runner/work/tourdepizza/tourdepizza/backend/src/domain/entities/Pizza.js": {"path":"/home/runner/work/tourdepizza/tourdepizza/backend/src/domain/entities/Pizza.js","statementMap":{"0":{"start":{"line":2,"column":23},"end":{"line":2,"column":38}},"1":{"start":{"line":6,"column":4},"end":{"line":6,"column":29}},"2":{"start":{"line":7,"column":4},"end":{"line":7,"column":21}},"3":{"start":{"line":8,"column":4},"end":{"line":8,"column":31}},"4":{"start":{"line":9,"column":4},"end":{"line":9,"column":21}},"5":{"start":{"line":10,"column":4},"end":{"line":10,"column":29}},"6":{"start":{"line":11,"column":4},"end":{"line":11,"column":31}},"7":{"start":{"line":12,"column":4},"end":{"line":12,"column":32}},"8":{"start":{"line":16,"column":4},"end":{"line":18,"column":5}},"9":{"start":{"line":16,"column":33},"end":{"line":16,"column":52}},"10":{"start":{"line":17,"column":6},"end":{"line":17,"column":34}},"11":{"start":{"line":22,"column":4},"end":{"line":22,"column":66}},"12":{"start":{"line":22,"column":46},"end":{"line":22,"column":64}},"13":{"start":{"line":26,"column":27},"end":{"line":30,"column":5}},"14":{"start":{"line":32,"column":26},"end":{"line":32,"column":88}},"15":{"start":{"line":32,"column":65},"end":{"line":32,"column":84}},"16":{"start":{"line":33,"column":4},"end":{"line":33,"column":81}},"17":{"start":{"line":37,"column":4},"end":{"line":38,"column":82}},"18":{"start":{"line":38,"column":35},"end":{"line":38,"column":80}},"19":{"start":{"line":42,"column":19},"end":{"line":42,"column":21}},"20":{"start":{"line":44,"column":4},"end":{"line":46,"column":5}},"21":{"start":{"line":45,"column":6},"end":{"line":45,"column":44}},"22":{"start":{"line":48,"column":4},"end":{"line":50,"column":5}},"23":{"start":{"line":49,"column":6},"end":{"line":49,"column":55}},"24":{"start":{"line":52,"column":4},"end":{"line":54,"column":5}},"25":{"start":{"line":53,"column":6},"end":{"line":53,"column":58}},"26":{"start":{"line":56,"column":4},"end":{"line":59,"column":6}},"27":{"start":{"line":63,"column":0},"end":{"line":63,"column":23}}},"fnMap":{"0":{"name":"(anonymous_0)","decl":{"start":{"line":5,"column":2},"end":{"line":5,"column":3}},"loc":{"start":{"line":5,"column":72},"end":{"line":13,"column":3}},"line":5},"1":{"name":"(anonymous_1)","decl":{"start":{"line":15,"column":2},"end":{"line":15,"column":3}},"loc":{"start":{"line":15,"column":22},"end":{"line":19,"column":3}},"line":15},"2":{"name":"(anonymous_2)","decl":{"start":{"line":16,"column":28},"end":{"line":16,"column":29}},"loc":{"start":{"line":16,"column":33},"end":{"line":16,"column":52}},"line":16},"3":{"name":"(anonymous_3)","decl":{"start":{"line":21,"column":2},"end":{"line":21,"column":3}},"loc":{"start":{"line":21,"column":27},"end":{"line":23,"column":3}},"line":21},"4":{"name":"(anonymous_4)","decl":{"start":{"line":22,"column":41},"end":{"line":22,"column":42}},"loc":{"start":{"line":22,"column":46},"end":{"line":22,"column":64}},"line":22},"5":{"name":"(anonymous_5)","decl":{"start":{"line":25,"column":2},"end":{"line":25,"column":3}},"loc":{"start":{"line":25,"column":19},"end":{"line":34,"column":3}},"line":25},"6":{"name":"(anonymous_6)","decl":{"start":{"line":32,"column":47},"end":{"line":32,"column":48}},"loc":{"start":{"line":32,"column":65},"end":{"line":32,"column":84}},"line":32},"7":{"name":"(anonymous_7)","decl":{"start":{"line":36,"column":2},"end":{"line":36,"column":3}},"loc":{"start":{"line":36,"column":24},"end":{"line":39,"column":3}},"line":36},"8":{"name":"(anonymous_8)","decl":{"start":{"line":38,"column":30},"end":{"line":38,"column":31}},"loc":{"start":{"line":38,"column":35},"end":{"line":38,"column":80}},"line":38},"9":{"name":"(anonymous_9)","decl":{"start":{"line":41,"column":2},"end":{"line":41,"column":3}},"loc":{"start":{"line":41,"column":13},"end":{"line":60,"column":3}},"line":41}},"branchMap":{"0":{"loc":{"start":{"line":5,"column":41},"end":{"line":5,"column":54}},"type":"default-arg","locations":[{"start":{"line":5,"column":52},"end":{"line":5,"column":54}}],"line":5},"1":{"loc":{"start":{"line":5,"column":56},"end":{"line":5,"column":70}},"type":"default-arg","locations":[{"start":{"line":5,"column":68},"end":{"line":5,"column":70}}],"line":5},"2":{"loc":{"start":{"line":6,"column":14},"end":{"line":6,"column":28}},"type":"binary-expr","locations":[{"start":{"line":6,"column":14},"end":{"line":6,"column":16}},{"start":{"line":6,"column":20},"end":{"line":6,"column":28}}],"line":6},"3":{"loc":{"start":{"line":16,"column":4},"end":{"line":18,"column":5}},"type":"if","locations":[{"start":{"line":16,"column":4},"end":{"line":18,"column":5}},{"start":{},"end":{}}],"line":16},"4":{"loc":{"start":{"line":33,"column":47},"end":{"line":33,"column":79}},"type":"binary-expr","locations":[{"start":{"line":33,"column":47},"end":{"line":33,"column":72}},{"start":{"line":33,"column":76},"end":{"line":33,"column":79}}],"line":33},"5":{"loc":{"start":{"line":37,"column":11},"end":{"line":38,"column":81}},"type":"binary-expr","locations":[{"start":{"line":37,"column":11},"end":{"line":37,"column":44}},{"start":{"line":38,"column":11},"end":{"line":38,"column":81}}],"line":37},"6":{"loc":{"start":{"line":38,"column":35},"end":{"line":38,"column":80}},"type":"binary-expr","locations":[{"start":{"line":38,"column":35},"end":{"line":38,"column":46}},{"start":{"line":38,"column":50},"end":{"line":38,"column":80}}],"line":38},"7":{"loc":{"start":{"line":44,"column":4},"end":{"line":46,"column":5}},"type":"if","locations":[{"start":{"line":44,"column":4},"end":{"line":46,"column":5}},{"start":{},"end":{}}],"line":44},"8":{"loc":{"start":{"line":44,"column":8},"end":{"line":44,"column":45}},"type":"binary-expr","locations":[{"start":{"line":44,"column":8},"end":{"line":44,"column":18}},{"start":{"line":44,"column":22},"end":{"line":44,"column":45}}],"line":44},"9":{"loc":{"start":{"line":48,"column":4},"end":{"line":50,"column":5}},"type":"if","locations":[{"start":{"line":48,"column":4},"end":{"line":50,"column":5}},{"start":{},"end":{}}],"line":48},"10":{"loc":{"start":{"line":48,"column":8},"end":{"line":48,"column":46}},"type":"binary-expr","locations":[{"start":{"line":48,"column":8},"end":{"line":48,"column":23}},{"start":{"line":48,"column":27},"end":{"line":48,"column":46}}],"line":48},"11":{"loc":{"start":{"line":52,"column":4},"end":{"line":54,"column":5}},"type":"if","locations":[{"start":{"line":52,"column":4},"end":{"line":54,"column":5}},{"start":{},"end":{}}],"line":52}},"s":{"0":5,"1":47,"2":47,"3":47,"4":47,"5":47,"6":47,"7":47,"8":3,"9":1,"10":2,"11":1,"12":2,"13":22,"14":22,"15":3,"16":22,"17":8,"18":2,"19":6,"20":6,"21":2,"22":6,"23":2,"24":6,"25":2,"26":6,"27":5},"f":{"0":47,"1":3,"2":1,"3":1,"4":2,"5":22,"6":3,"7":8,"8":2,"9":6},"b":{"0":[0],"1":[0],"2":[47,26],"3":[2,1],"4":[22,0],"5":[8,4],"6":[2,2],"7":[2,4],"8":[6,4],"9":[2,4],"10":[6,5],"11":[2,4]},"_coverageSchema":"1a1c01bbd47fc00a2c39e90264f33305004495a9","hash":"335e2067a2602e902da59897fa30e1ad4c397208"}
,"/home/runner/work/tourdepizza/tourdepizza/backend/src/domain/entities/Topping.js": {"path":"/home/runner/work/tourdepizza/tourdepizza/backend/src/domain/entities/Topping.js","statementMap":{"0":{"start":{"line":2,"column":23},"end":{"line":2,"column":38}},"1":{"start":{"line":6,"column":4},"end":{"line":6,"column":29}},"2":{"start":{"line":7,"column":4},"end":{"line":7,"column":21}},"3":{"start":{"line":8,"column":4},"end":{"line":8,"column":23}},"4":{"start":{"line":9,"column":4},"end":{"line":9,"column":31}},"5":{"start":{"line":10,"column":4},"end":{"line":10,"column":31}},"6":{"start":{"line":14,"column":19},"end":{"line":14,"column":21}},"7":{"start":{"line":16,"column":4},"end":{"line":18,"column":5}},"8":{"start":{"line":17,"column":6},"end":{"line":17,"column":46}},"9":{"start":{"line":20,"column":4},"end":{"line":22,"column":5}},"10":{"start":{"line":21,"column":6},"end":{"line":21,"column":48}},"11":{"start":{"line":24,"column":4},"end":{"line":27,"column":6}},"12":{"start":{"line":31,"column":0},"end":{"line":31,"column":25}}},"fnMap":{"0":{"name":"(anonymous_0)","decl":{"start":{"line":5,"column":2},"end":{"line":5,"column":3}},"loc":{"start":{"line":5,"column":65},"end":{"line":11,"column":3}},"line":5},"1":{"name":"(anonymous_1)","decl":{"start":{"line":13,"column":2},"end":{"line":13,"column":3}},"loc":{"start":{"line":13,"column":13},"end":{"line":28,"column":3}},"line":13}},"branchMap":{"0":{"loc":{"start":{"line":5,"column":31},"end":{"line":5,"column":45}},"type":"default-arg","locations":[{"start":{"line":5,"column":43},"end":{"line":5,"column":45}}],"line":5},"1":{"loc":{"start":{"line":5,"column":47},"end":{"line":5,"column":63}},"type":"default-arg","locations":[{"start":{"line":5,"column":59},"end":{"line":5,"column":63}}],"line":5},"2":{"loc":{"start":{"line":6,"column":14},"end":{"line":6,"column":28}},"type":"binary-expr","locations":[{"start":{"line":6,"column":14},"end":{"line":6,"column":16}},{"start":{"line":6,"column":20},"end":{"line":6,"column":28}}],"line":6},"3":{"loc":{"start":{"line":16,"column":4},"end":{"line":18,"column":5}},"type":"if","locations":[{"start":{"line":16,"column":4},"end":{"line":18,"column":5}},{"start":{},"end":{}}],"line":16},"4":{"loc":{"start":{"line":16,"column":8},"end":{"line":16,"column":45}},"type":"binary-expr","locations":[{"start":{"line":16,"column":8},"end":{"line":16,"column":18}},{"start":{"line":16,"column":22},"end":{"line":16,"column":45}}],"line":16},"5":{"loc":{"start":{"line":20,"column":4},"end":{"line":22,"column":5}},"type":"if","locations":[{"start":{"line":20,"column":4},"end":{"line":22,"column":5}},{"start":{},"end":{}}],"line":20},"6":{"loc":{"start":{"line":20,"column":8},"end":{"line":20,"column":50}},"type":"binary-expr","locations":[{"start":{"line":20,"column":8},"end":{"line":20,"column":32}},{"start":{"line":20,"column":36},"end":{"line":20,"column":50}}],"line":20}},"s":{"0":4,"1":52,"2":52,"3":52,"4":52,"5":52,"6":0,"7":0,"8":0,"9":0,"10":0,"11":0,"12":4},"f":{"0":52,"1":0},"b":{"0":[0],"1":[22],"2":[52,49],"3":[0,0],"4":[0,0],"5":[0,0],"6":[0,0]},"_coverageSchema":"1a1c01bbd47fc00a2c39e90264f33305004495a9","hash":"05ef45faf11f50125601c577927e87bb95744486"}
,"/home/runner/work/tourdepizza/tourdepizza/backend/src/domain/repositories/CustomerRepository.js": {"path":"/home/runner/work/tourdepizza/tourdepizza/backend/src/domain/repositories/CustomerRepository.js","statementMap":{"0":{"start":{"line":3,"column":15},"end":{"line":3,"column":34}},"1":{"start":{"line":7,"column":4},"end":{"line":7,"column":31}},"2":{"start":{"line":11,"column":4},"end":{"line":11,"column":42}},"3":{"start":{"line":15,"column":4},"end":{"line":15,"column":84}},"4":{"start":{"line":15,"column":57},"end":{"line":15,"column":74}},"5":{"start":{"line":19,"column":4},"end":{"line":19,"column":47}},"6":{"start":{"line":24,"column":4},"end":{"line":26,"column":5}},"7":{"start":{"line":25,"column":6},"end":{"line":25,"column":75}},"8":{"start":{"line":27,"column":4},"end":{"line":27,"column":46}},"9":{"start":{"line":28,"column":4},"end":{"line":28,"column":20}},"10":{"start":{"line":32,"column":4},"end":{"line":32,"column":37}},"11":{"start":{"line":36,"column":4},"end":{"line":38,"column":5}},"12":{"start":{"line":37,"column":6},"end":{"line":37,"column":44}},"13":{"start":{"line":40,"column":4},"end":{"line":42,"column":5}},"14":{"start":{"line":41,"column":6},"end":{"line":41,"column":75}},"15":{"start":{"line":43,"column":4},"end":{"line":43,"column":46}},"16":{"start":{"line":44,"column":4},"end":{"line":44,"column":20}},"17":{"start":{"line":51,"column":4},"end":{"line":58,"column":7}},"18":{"start":{"line":53,"column":26},"end":{"line":53,"column":69}},"19":{"start":{"line":54,"column":6},"end":{"line":57,"column":8}},"20":{"start":{"line":63,"column":4},"end":{"line":63,"column":21}},"21":{"start":{"line":67,"column":0},"end":{"line":67,"column":42}}},"fnMap":{"0":{"name":"(anonymous_0)","decl":{"start":{"line":6,"column":2},"end":{"line":6,"column":3}},"loc":{"start":{"line":6,"column":16},"end":{"line":8,"column":3}},"line":6},"1":{"name":"(anonymous_1)","decl":{"start":{"line":10,"column":2},"end":{"line":10,"column":3}},"loc":{"start":{"line":10,"column":21},"end":{"line":12,"column":3}},"line":10},"2":{"name":"(anonymous_2)","decl":{"start":{"line":14,"column":2},"end":{"line":14,"column":3}},"loc":{"start":{"line":14,"column":27},"end":{"line":16,"column":3}},"line":14},"3":{"name":"(anonymous_3)","decl":{"start":{"line":15,"column":52},"end":{"line":15,"column":53}},"loc":{"start":{"line":15,"column":57},"end":{"line":15,"column":74}},"line":15},"4":{"name":"(anonymous_4)","decl":{"start":{"line":18,"column":2},"end":{"line":18,"column":3}},"loc":{"start":{"line":18,"column":18},"end":{"line":20,"column":3}},"line":18},"5":{"name":"(anonymous_5)","decl":{"start":{"line":22,"column":2},"end":{"line":22,"column":3}},"loc":{"start":{"line":22,"column":23},"end":{"line":29,"column":3}},"line":22},"6":{"name":"(anonymous_6)","decl":{"start":{"line":31,"column":2},"end":{"line":31,"column":3}},"loc":{"start":{"line":31,"column":19},"end":{"line":33,"column":3}},"line":31},"7":{"name":"(anonymous_7)","decl":{"start":{"line":35,"column":2},"end":{"line":35,"column":3}},"loc":{"start":{"line":35,"column":25},"end":{"line":45,"column":3}},"line":35},"8":{"name":"(anonymous_8)","decl":{"start":{"line":48,"column":2},"end":{"line":48,"column":3}},"loc":{"start":{"line":48,"column":36},"end":{"line":59,"column":3}},"line":48},"9":{"name":"(anonymous_9)","decl":{"start":{"line":51,"column":25},"end":{"line":51,"column":26}},"loc":{"start":{"line":51,"column":36},"end":{"line":58,"column":5}},"line":51},"10":{"name":"(anonymous_10)","decl":{"start":{"line":61,"column":2},"end":{"line":61,"column":3}},"loc":{"start":{"line":61,"column":36},"end":{"line":64,"column":3}},"line":61}},"branchMap":{"0":{"loc":{"start":{"line":11,"column":11},"end":{"line":11,"column":41}},"type":"binary-expr","locations":[{"start":{"line":11,"column":11},"end":{"line":11,"column":33}},{"start":{"line":11,"column":37},"end":{"line":11,"column":41}}],"line":11},"1":{"loc":{"start":{"line":15,"column":11},"end":{"line":15,"column":83}},"type":"binary-expr","locations":[{"start":{"line":15,"column":11},"end":{"line":15,"column":75}},{"start":{"line":15,"column":79},"end":{"line":15,"column":83}}],"line":15},"2":{"loc":{"start":{"line":24,"column":4},"end":{"line":26,"column":5}},"type":"if","locations":[{"start":{"line":24,"column":4},"end":{"line":26,"column":5}},{"start":{},"end":{}}],"line":24},"3":{"loc":{"start":{"line":24,"column":8},"end":{"line":24,"column":59}},"type":"binary-expr","locations":[{"start":{"line":24,"column":8},"end":{"line":24,"column":26}},{"start":{"line":24,"column":30},"end":{"line":24,"column":59}}],"line":24},"4":{"loc":{"start":{"line":36,"column":4},"end":{"line":38,"column":5}},"type":"if","locations":[{"start":{"line":36,"column":4},"end":{"line":38,"column":5}},{"start":{},"end":{}}],"line":36},"5":{"loc":{"start":{"line":40,"column":4},"end":{"line":42,"column":5}},"type":"if","locations":[{"start":{"line":40,"column":4},"end":{"line":42,"column":5}},{"start":{},"end":{}}],"line":40},"6":{"loc":{"start":{"line":40,"column":8},"end":{"line":40,"column":59}},"type":"binary-expr","locations":[{"start":{"line":40,"column":8},"end":{"line":40,"column":26}},{"start":{"line":40,"column":30},"end":{"line":40,"column":59}}],"line":40},"7":{"loc":{"start":{"line":53,"column":26},"end":{"line":53,"column":69}},"type":"cond-expr","locations":[{"start":{"line":53,"column":43},"end":{"line":53,"column":59}},{"start":{"line":53,"column":62},"end":{"line":53,"column":69}}],"line":53}},"s":{"0":3,"1":3,"2":17,"3":4,"4":2,"5":0,"6":2,"7":0,"8":2,"9":2,"10":0,"11":5,"12":0,"13":5,"14":4,"15":5,"16":5,"17":4,"18":6,"19":6,"20":0,"21":3},"f":{"0":3,"1":17,"2":4,"3":2,"4":0,"5":2,"6":0,"7":5,"8":4,"9":6,"10":0},"b":{"0":[17,2],"1":[4,3],"2":[0,2],"3":[2,2],"4":[0,5],"5":[4,1],"6":[5,5],"7":[3,3]},"_coverageSchema":"1a1c01bbd47fc00a2c39e90264f33305004495a9","hash":"af60d8ed47a3762953b20ef50f6e2669594340cb"}
,"/home/runner/work/tourdepizza/tourdepizza/backend/src/domain/repositories/OrderRepository.js": {"path":"/home/runner/work/tourdepizza/tourdepizza/backend/src/domain/repositories/OrderRepository.js","statementMap":{"0":{"start":{"line":6,"column":4},"end":{"line":6,"column":28}},"1":{"start":{"line":10,"column":4},"end":{"line":10,"column":39}},"2":{"start":{"line":14,"column":4},"end":{"line":14,"column":44}},"3":{"start":{"line":18,"column":4},"end":{"line":18,"column":85}},"4":{"start":{"line":18,"column":56},"end":{"line":18,"column":83}},"5":{"start":{"line":22,"column":4},"end":{"line":22,"column":77}},"6":{"start":{"line":22,"column":56},"end":{"line":22,"column":75}},"7":{"start":{"line":26,"column":4},"end":{"line":26,"column":37}},"8":{"start":{"line":27,"column":4},"end":{"line":27,"column":17}},"9":{"start":{"line":31,"column":4},"end":{"line":31,"column":34}},"10":{"start":{"line":35,"column":4},"end":{"line":37,"column":5}},"11":{"start":{"line":36,"column":6},"end":{"line":36,"column":41}},"12":{"start":{"line":38,"column":4},"end":{"line":38,"column":37}},"13":{"start":{"line":39,"column":4},"end":{"line":39,"column":17}},"14":{"start":{"line":43,"column":0},"end":{"line":43,"column":39}}},"fnMap":{"0":{"name":"(anonymous_0)","decl":{"start":{"line":5,"column":2},"end":{"line":5,"column":3}},"loc":{"start":{"line":5,"column":16},"end":{"line":7,"column":3}},"line":5},"1":{"name":"(anonymous_1)","decl":{"start":{"line":9,"column":2},"end":{"line":9,"column":3}},"loc":{"start":{"line":9,"column":21},"end":{"line":11,"column":3}},"line":9},"2":{"name":"(anonymous_2)","decl":{"start":{"line":13,"column":2},"end":{"line":13,"column":3}},"loc":{"start":{"line":13,"column":18},"end":{"line":15,"column":3}},"line":13},"3":{"name":"(anonymous_3)","decl":{"start":{"line":17,"column":2},"end":{"line":17,"column":3}},"loc":{"start":{"line":17,"column":37},"end":{"line":19,"column":3}},"line":17},"4":{"name":"(anonymous_4)","decl":{"start":{"line":18,"column":51},"end":{"line":18,"column":52}},"loc":{"start":{"line":18,"column":56},"end":{"line":18,"column":83}},"line":18},"5":{"name":"(anonymous_5)","decl":{"start":{"line":21,"column":2},"end":{"line":21,"column":3}},"loc":{"start":{"line":21,"column":29},"end":{"line":23,"column":3}},"line":21},"6":{"name":"(anonymous_6)","decl":{"start":{"line":22,"column":51},"end":{"line":22,"column":52}},"loc":{"start":{"line":22,"column":56},"end":{"line":22,"column":75}},"line":22},"7":{"name":"(anonymous_7)","decl":{"start":{"line":25,"column":2},"end":{"line":25,"column":3}},"loc":{"start":{"line":25,"column":20},"end":{"line":28,"column":3}},"line":25},"8":{"name":"(anonymous_8)","decl":{"start":{"line":30,"column":2},"end":{"line":30,"column":3}},"loc":{"start":{"line":30,"column":19},"end":{"line":32,"column":3}},"line":30},"9":{"name":"(anonymous_9)","decl":{"start":{"line":34,"column":2},"end":{"line":34,"column":3}},"loc":{"start":{"line":34,"column":22},"end":{"line":40,"column":3}},"line":34}},"branchMap":{"0":{"loc":{"start":{"line":10,"column":11},"end":{"line":10,"column":38}},"type":"binary-expr","locations":[{"start":{"line":10,"column":11},"end":{"line":10,"column":30}},{"start":{"line":10,"column":34},"end":{"line":10,"column":38}}],"line":10},"1":{"loc":{"start":{"line":35,"column":4},"end":{"line":37,"column":5}},"type":"if","locations":[{"start":{"line":35,"column":4},"end":{"line":37,"column":5}},{"start":{},"end":{}}],"line":35}},"s":{"0":3,"1":15,"2":0,"3":1,"4":1,"5":0,"6":0,"7":4,"8":4,"9":0,"10":11,"11":0,"12":11,"13":11,"14":3},"f":{"0":3,"1":15,"2":0,"3":1,"4":1,"5":0,"6":0,"7":4,"8":0,"9":11},"b":{"0":[15,0],"1":[0,11]},"_coverageSchema":"1a1c01bbd47fc00a2c39e90264f33305004495a9","hash":"86f2d79e910adc7a71f9847fe206859c33ea195c"}
,"/home/runner/work/tourdepizza/tourdepizza/backend/src/domain/repositories/PizzaRepository.js": {"path":"/home/runner/work/tourdepizza/tourdepizza/backend/src/domain/repositories/PizzaRepository.js","statementMap":{"0":{"start":{"line":6,"column":4},"end":{"line":6,"column":28}},"1":{"start":{"line":7,"column":4},"end":{"line":7,"column":34}},"2":{"start":{"line":11,"column":18},"end":{"line":11,"column":46}},"3":{"start":{"line":12,"column":20},"end":{"line":12,"column":50}},"4":{"start":{"line":15,"column":22},"end":{"line":15,"column":67}},"5":{"start":{"line":16,"column":22},"end":{"line":16,"column":61}},"6":{"start":{"line":17,"column":19},"end":{"line":17,"column":55}},"7":{"start":{"line":18,"column":19},"end":{"line":18,"column":68}},"8":{"start":{"line":19,"column":18},"end":{"line":19,"column":59}},"9":{"start":{"line":22,"column":23},"end":{"line":22,"column":93}},"10":{"start":{"line":23,"column":27},"end":{"line":23,"column":114}},"11":{"start":{"line":24,"column":19},"end":{"line":24,"column":106}},"12":{"start":{"line":26,"column":4},"end":{"line":26,"column":26}},"13":{"start":{"line":27,"column":4},"end":{"line":27,"column":30}},"14":{"start":{"line":28,"column":4},"end":{"line":28,"column":22}},"15":{"start":{"line":32,"column":4},"end":{"line":32,"column":39}},"16":{"start":{"line":36,"column":4},"end":{"line":36,"column":44}},"17":{"start":{"line":40,"column":4},"end":{"line":40,"column":37}},"18":{"start":{"line":41,"column":4},"end":{"line":41,"column":17}},"19":{"start":{"line":45,"column":4},"end":{"line":45,"column":34}},"20":{"start":{"line":49,"column":4},"end":{"line":51,"column":6}},"21":{"start":{"line":50,"column":6},"end":{"line":50,"column":55}},"22":{"start":{"line":55,"column":0},"end":{"line":55,"column":39}}},"fnMap":{"0":{"name":"(anonymous_0)","decl":{"start":{"line":5,"column":2},"end":{"line":5,"column":3}},"loc":{"start":{"line":5,"column":16},"end":{"line":8,"column":3}},"line":5},"1":{"name":"(anonymous_1)","decl":{"start":{"line":10,"column":2},"end":{"line":10,"column":3}},"loc":{"start":{"line":10,"column":27},"end":{"line":29,"column":3}},"line":10},"2":{"name":"(anonymous_2)","decl":{"start":{"line":31,"column":2},"end":{"line":31,"column":3}},"loc":{"start":{"line":31,"column":21},"end":{"line":33,"column":3}},"line":31},"3":{"name":"(anonymous_3)","decl":{"start":{"line":35,"column":2},"end":{"line":35,"column":3}},"loc":{"start":{"line":35,"column":18},"end":{"line":37,"column":3}},"line":35},"4":{"name":"(anonymous_4)","decl":{"start":{"line":39,"column":2},"end":{"line":39,"column":3}},"loc":{"start":{"line":39,"column":20},"end":{"line":42,"column":3}},"line":39},"5":{"name":"(anonymous_5)","decl":{"start":{"line":44,"column":2},"end":{"line":44,"column":3}},"loc":{"start":{"line":44,"column":19},"end":{"line":46,"column":3}},"line":44},"6":{"name":"(anonymous_6)","decl":{"start":{"line":48,"column":2},"end":{"line":48,"column":3}},"loc":{"start":{"line":48,"column":25},"end":{"line":52,"column":3}},"line":48},"7":{"name":"(anonymous_7)","decl":{"start":{"line":49,"column":51},"end":{"line":49,"column":52}},"loc":{"start":{"line":50,"column":6},"end":{"line":50,"column":55}},"line":50}},"branchMap":{"0":{"loc":{"start":{"line":32,"column":11},"end":{"line":32,"column":38}},"type":"binary-expr","locations":[{"start":{"line":32,"column":11},"end":{"line":32,"column":30}},{"start":{"line":32,"column":34},"end":{"line":32,"column":38}}],"line":32}},"s":{"0":3,"1":3,"2":3,"3":3,"4":3,"5":3,"6":3,"7":3,"8":3,"9":3,"10":3,"11":3,"12":3,"13":3,"14":3,"15":6,"16":5,"17":10,"18":10,"19":0,"20":0,"21":0,"22":3},"f":{"0":3,"1":3,"2":6,"3":5,"4":10,"5":0,"6":0,"7":0},"b":{"0":[6,1]},"_coverageSchema":"1a1c01bbd47fc00a2c39e90264f33305004495a9","hash":"3e89219580e526ca1f90d4048a7603c1d347f848"}
,"/home/runner/work/tourdepizza/tourdepizza/backend/src/domain/repositories/ToppingRepository.js": {"path":"/home/runner/work/tourdepizza/tourdepizza/backend/src/domain/repositories/ToppingRepository.js","statementMap":{"0":{"start":{"line":6,"column":4},"end":{"line":6,"column":30}},"1":{"start":{"line":7,"column":4},"end":{"line":7,"column":36}},"2":{"start":{"line":11,"column":20},"end":{"line":11,"column":50}},"3":{"start":{"line":13,"column":21},"end":{"line":24,"column":5}},"4":{"start":{"line":26,"column":4},"end":{"line":26,"column":40}},"5":{"start":{"line":26,"column":26},"end":{"line":26,"column":38}},"6":{"start":{"line":30,"column":4},"end":{"line":30,"column":41}},"7":{"start":{"line":34,"column":4},"end":{"line":34,"column":46}},"8":{"start":{"line":38,"column":4},"end":{"line":38,"column":71}},"9":{"start":{"line":38,"column":58},"end":{"line":38,"column":69}},"10":{"start":{"line":42,"column":4},"end":{"line":42,"column":43}},"11":{"start":{"line":43,"column":4},"end":{"line":43,"column":19}},"12":{"start":{"line":47,"column":4},"end":{"line":47,"column":36}},"13":{"start":{"line":51,"column":0},"end":{"line":51,"column":41}}},"fnMap":{"0":{"name":"(anonymous_0)","decl":{"start":{"line":5,"column":2},"end":{"line":5,"column":3}},"loc":{"start":{"line":5,"column":16},"end":{"line":8,"column":3}},"line":5},"1":{"name":"(anonymous_1)","decl":{"start":{"line":10,"column":2},"end":{"line":10,"column":3}},"loc":{"start":{"line":10,"column":29},"end":{"line":27,"column":3}},"line":10},"2":{"name":"(anonymous_2)","decl":{"start":{"line":26,"column":21},"end":{"line":26,"column":22}},"loc":{"start":{"line":26,"column":26},"end":{"line":26,"column":38}},"line":26},"3":{"name":"(anonymous_3)","decl":{"start":{"line":29,"column":2},"end":{"line":29,"column":3}},"loc":{"start":{"line":29,"column":21},"end":{"line":31,"column":3}},"line":29},"4":{"name":"(anonymous_4)","decl":{"start":{"line":33,"column":2},"end":{"line":33,"column":3}},"loc":{"start":{"line":33,"column":18},"end":{"line":35,"column":3}},"line":33},"5":{"name":"(anonymous_5)","decl":{"start":{"line":37,"column":2},"end":{"line":37,"column":3}},"loc":{"start":{"line":37,"column":24},"end":{"line":39,"column":3}},"line":37},"6":{"name":"(anonymous_6)","decl":{"start":{"line":38,"column":53},"end":{"line":38,"column":54}},"loc":{"start":{"line":38,"column":58},"end":{"line":38,"column":69}},"line":38},"7":{"name":"(anonymous_7)","decl":{"start":{"line":41,"column":2},"end":{"line":41,"column":3}},"loc":{"start":{"line":41,"column":22},"end":{"line":44,"column":3}},"line":41},"8":{"name":"(anonymous_8)","decl":{"start":{"line":46,"column":2},"end":{"line":46,"column":3}},"loc":{"start":{"line":46,"column":19},"end":{"line":48,"column":3}},"line":46}},"branchMap":{"0":{"loc":{"start":{"line":30,"column":11},"end":{"line":30,"column":40}},"type":"binary-expr","locations":[{"start":{"line":30,"column":11},"end":{"line":30,"column":32}},{"start":{"line":30,"column":36},"end":{"line":30,"column":40}}],"line":30}},"s":{"0":3,"1":3,"2":3,"3":3,"4":3,"5":30,"6":0,"7":0,"8":1,"9":10,"10":30,"11":30,"12":0,"13":3},"f":{"0":3,"1":3,"2":30,"3":0,"4":0,"5":1,"6":10,"7":30,"8":0},"b":{"0":[0,0]},"_coverageSchema":"1a1c01bbd47fc00a2c39e90264f33305004495a9","hash":"dbbf1064132c47bdad5c7ce9c1206efcf4f16964"}
,"/home/runner/work/tourdepizza/tourdepizza/backend/src/domain/services/CustomerService.js": {"path":"/home/runner/work/tourdepizza/tourdepizza/backend/src/domain/services/CustomerService.js","statementMap":{"0":{"start":{"line":6,"column":4},"end":{"line":6,"column":49}},"1":{"start":{"line":10,"column":21},"end":{"line":10,"column":52}},"2":{"start":{"line":13,"column":21},"end":{"line":13,"column":69}},"3":{"start":{"line":14,"column":4},"end":{"line":16,"column":5}},"4":{"start":{"line":15,"column":6},"end":{"line":15,"column":65}},"5":{"start":{"line":18,"column":21},"end":{"line":18,"column":63}},"6":{"start":{"line":20,"column":23},"end":{"line":20,"column":42}},"7":{"start":{"line":21,"column":4},"end":{"line":23,"column":5}},"8":{"start":{"line":22,"column":6},"end":{"line":22,"column":75}},"9":{"start":{"line":25,"column":4},"end":{"line":25,"column":56}},"10":{"start":{"line":29,"column":20},"end":{"line":29,"column":55}},"11":{"start":{"line":30,"column":21},"end":{"line":30,"column":71}},"12":{"start":{"line":32,"column":4},"end":{"line":34,"column":5}},"13":{"start":{"line":33,"column":6},"end":{"line":33,"column":44}},"14":{"start":{"line":36,"column":20},"end":{"line":40,"column":5}},"15":{"start":{"line":42,"column":23},"end":{"line":42,"column":41}},"16":{"start":{"line":43,"column":4},"end":{"line":45,"column":5}},"17":{"start":{"line":44,"column":6},"end":{"line":44,"column":74}},"18":{"start":{"line":47,"column":4},"end":{"line":47,"column":33}},"19":{"start":{"line":48,"column":4},"end":{"line":48,"column":58}},"20":{"start":{"line":52,"column":21},"end":{"line":52,"column":71}},"21":{"start":{"line":53,"column":4},"end":{"line":55,"column":5}},"22":{"start":{"line":54,"column":6},"end":{"line":54,"column":44}},"23":{"start":{"line":57,"column":4},"end":{"line":57,"column":40}},"24":{"start":{"line":58,"column":4},"end":{"line":58,"column":58}},"25":{"start":{"line":62,"column":21},"end":{"line":62,"column":71}},"26":{"start":{"line":63,"column":4},"end":{"line":65,"column":5}},"27":{"start":{"line":64,"column":6},"end":{"line":64,"column":44}},"28":{"start":{"line":67,"column":4},"end":{"line":67,"column":30}},"29":{"start":{"line":71,"column":21},"end":{"line":71,"column":63}},"30":{"start":{"line":72,"column":4},"end":{"line":74,"column":5}},"31":{"start":{"line":73,"column":6},"end":{"line":73,"column":44}},"32":{"start":{"line":75,"column":4},"end":{"line":75,"column":20}},"33":{"start":{"line":79,"column":21},"end":{"line":79,"column":71}},"34":{"start":{"line":80,"column":4},"end":{"line":82,"column":5}},"35":{"start":{"line":81,"column":6},"end":{"line":81,"column":44}},"36":{"start":{"line":84,"column":4},"end":{"line":84,"column":51}},"37":{"start":{"line":84,"column":22},"end":{"line":84,"column":51}},"38":{"start":{"line":85,"column":4},"end":{"line":92,"column":5}},"39":{"start":{"line":87,"column":23},"end":{"line":87,"column":79}},"40":{"start":{"line":88,"column":6},"end":{"line":90,"column":7}},"41":{"start":{"line":89,"column":8},"end":{"line":89,"column":48}},"42":{"start":{"line":91,"column":6},"end":{"line":91,"column":37}},"43":{"start":{"line":93,"column":4},"end":{"line":93,"column":54}},"44":{"start":{"line":93,"column":23},"end":{"line":93,"column":54}},"45":{"start":{"line":95,"column":4},"end":{"line":95,"column":36}},"46":{"start":{"line":97,"column":23},"end":{"line":97,"column":42}},"47":{"start":{"line":98,"column":4},"end":{"line":100,"column":5}},"48":{"start":{"line":99,"column":6},"end":{"line":99,"column":75}},"49":{"start":{"line":102,"column":4},"end":{"line":102,"column":58}},"50":{"start":{"line":106,"column":0},"end":{"line":106,"column":33}}},"fnMap":{"0":{"name":"(anonymous_0)","decl":{"start":{"line":5,"column":2},"end":{"line":5,"column":3}},"loc":{"start":{"line":5,"column":34},"end":{"line":7,"column":3}},"line":5},"1":{"name":"(anonymous_1)","decl":{"start":{"line":9,"column":2},"end":{"line":9,"column":3}},"loc":{"start":{"line":9,"column":43},"end":{"line":26,"column":3}},"line":9},"2":{"name":"(anonymous_2)","decl":{"start":{"line":28,"column":2},"end":{"line":28,"column":3}},"loc":{"start":{"line":28,"column":44},"end":{"line":49,"column":3}},"line":28},"3":{"name":"(anonymous_3)","decl":{"start":{"line":51,"column":2},"end":{"line":51,"column":3}},"loc":{"start":{"line":51,"column":47},"end":{"line":59,"column":3}},"line":51},"4":{"name":"(anonymous_4)","decl":{"start":{"line":61,"column":2},"end":{"line":61,"column":3}},"loc":{"start":{"line":61,"column":41},"end":{"line":68,"column":3}},"line":61},"5":{"name":"(anonymous_5)","decl":{"start":{"line":70,"column":2},"end":{"line":70,"column":3}},"loc":{"start":{"line":70,"column":28},"end":{"line":76,"column":3}},"line":70},"6":{"name":"(anonymous_6)","decl":{"start":{"line":78,"column":2},"end":{"line":78,"column":3}},"loc":{"start":{"line":78,"column":44},"end":{"line":103,"column":3}},"line":78}},"branchMap":{"0":{"loc":{"start":{"line":14,"column":4},"end":{"line":16,"column":5}},"type":"if","locations":[{"start":{"line":14,"column":4},"end":{"line":16,"column":5}},{"start":{},"end":{}}],"line":14},"1":{"loc":{"start":{"line":21,"column":4},"end":{"line":23,"column":5}},"type":"if","locations":[{"start":{"line":21,"column":4},"end":{"line":23,"column":5}},{"start":{},"end":{}}],"line":21},"2":{"loc":{"start":{"line":32,"column":4},"end":{"line":34,"column":5}},"type":"if","locations":[{"start":{"line":32,"column":4},"end":{"line":34,"column":5}},{"start":{},"end":{}}],"line":32},"3":{"loc":{"start":{"line":38,"column":6},"end":{"line":38,"column":40}},"type":"binary-expr","locations":[{"start":{"line":38,"column":6},"end":{"line":38,"column":26}},{"start":{"line":38,"column":30},"end":{"line":38,"column":40}}],"line":38},"4":{"loc":{"start":{"line":39,"column":6},"end":{"line":39,"column":29}},"type":"binary-expr","locations":[{"start":{"line":39,"column":6},"end":{"line":39,"column":23}},{"start":{"line":39,"column":27},"end":{"line":39,"column":29}}],"line":39},"5":{"loc":{"start":{"line":43,"column":4},"end":{"line":45,"column":5}},"type":"if","locations":[{"start":{"line":43,"column":4},"end":{"line":45,"column":5}},{"start":{},"end":{}}],"line":43},"6":{"loc":{"start":{"line":53,"column":4},"end":{"line":55,"column":5}},"type":"if","locations":[{"start":{"line":53,"column":4},"end":{"line":55,"column":5}},{"start":{},"end":{}}],"line":53},"7":{"loc":{"start":{"line":63,"column":4},"end":{"line":65,"column":5}},"type":"if","locations":[{"start":{"line":63,"column":4},"end":{"line":65,"column":5}},{"start":{},"end":{}}],"line":63},"8":{"loc":{"start":{"line":72,"column":4},"end":{"line":74,"column":5}},"type":"if","locations":[{"start":{"line":72,"column":4},"end":{"line":74,"column":5}},{"start":{},"end":{}}],"line":72},"9":{"loc":{"start":{"line":80,"column":4},"end":{"line":82,"column":5}},"type":"if","locations":[{"start":{"line":80,"column":4},"end":{"line":82,"column":5}},{"start":{},"end":{}}],"line":80},"10":{"loc":{"start":{"line":84,"column":4},"end":{"line":84,"column":51}},"type":"if","locations":[{"start":{"line":84,"column":4},"end":{"line":84,"column":51}},{"start":{},"end":{}}],"line":84},"11":{"loc":{"start":{"line":85,"column":4},"end":{"line":92,"column":5}},"type":"if","locations":[{"start":{"line":85,"column":4},"end":{"line":92,"column":5}},{"start":{},"end":{}}],"line":85},"12":{"loc":{"start":{"line":88,"column":6},"end":{"line":90,"column":7}},"type":"if","locations":[{"start":{"line":88,"column":6},"end":{"line":90,"column":7}},{"start":{},"end":{}}],"line":88},"13":{"loc":{"start":{"line":88,"column":10},"end":{"line":88,"column":48}},"type":"binary-expr","locations":[{"start":{"line":88,"column":10},"end":{"line":88,"column":18}},{"start":{"line":88,"column":22},"end":{"line":88,"column":48}}],"line":88},"14":{"loc":{"start":{"line":93,"column":4},"end":{"line":93,"column":54}},"type":"if","locations":[{"start":{"line":93,"column":4},"end":{"line":93,"column":54}},{"start":{},"end":{}}],"line":93},"15":{"loc":{"start":{"line":98,"column":4},"end":{"line":100,"column":5}},"type":"if","locations":[{"start":{"line":98,"column":4},"end":{"line":100,"column":5}},{"start":{},"end":{}}],"line":98}},"s":{"0":3,"1":4,"2":4,"3":4,"4":1,"5":3,"6":3,"7":3,"8":1,"9":2,"10":4,"11":4,"12":4,"13":0,"14":4,"15":4,"16":4,"17":1,"18":3,"19":3,"20":1,"21":1,"22":0,"23":1,"24":1,"25":2,"26":2,"27":0,"28":2,"29":2,"30":2,"31":1,"32":1,"33":1,"34":1,"35":0,"36":1,"37":1,"38":1,"39":0,"40":0,"41":0,"42":0,"43":1,"44":1,"45":1,"46":1,"47":1,"48":0,"49":1,"50":3},"f":{"0":3,"1":4,"2":4,"3":1,"4":2,"5":2,"6":1},"b":{"0":[1,3],"1":[1,2],"2":[0,4],"3":[4,0],"4":[4,3],"5":[1,3],"6":[0,1],"7":[0,2],"8":[1,1],"9":[0,1],"10":[1,0],"11":[0,1],"12":[0,0],"13":[0,0],"14":[1,0],"15":[0,1]},"_coverageSchema":"1a1c01bbd47fc00a2c39e90264f33305004495a9","hash":"47e6a08429b127d1b2baedfb510fa5abcea183a3"}
,"/home/runner/work/tourdepizza/tourdepizza/backend/src/domain/services/OrderService.js": {"path":"/home/runner/work/tourdepizza/tourdepizza/backend/src/domain/services/OrderService.js","statementMap":{"0":{"start":{"line":6,"column":4},"end":{"line":6,"column":43}},"1":{"start":{"line":7,"column":4},"end":{"line":7,"column":43}},"2":{"start":{"line":8,"column":4},"end":{"line":8,"column":49}},"3":{"start":{"line":12,"column":18},"end":{"line":12,"column":46}},"4":{"start":{"line":13,"column":21},"end":{"line":13,"column":71}},"5":{"start":{"line":15,"column":4},"end":{"line":17,"column":5}},"6":{"start":{"line":16,"column":6},"end":{"line":16,"column":44}},"7":{"start":{"line":19,"column":18},"end":{"line":19,"column":45}},"8":{"start":{"line":20,"column":4},"end":{"line":20,"column":50}},"9":{"start":{"line":24,"column":18},"end":{"line":24,"column":62}},"10":{"start":{"line":25,"column":4},"end":{"line":27,"column":5}},"11":{"start":{"line":26,"column":6},"end":{"line":26,"column":41}},"12":{"start":{"line":29,"column":18},"end":{"line":29,"column":62}},"13":{"start":{"line":30,"column":4},"end":{"line":32,"column":5}},"14":{"start":{"line":31,"column":6},"end":{"line":31,"column":41}},"15":{"start":{"line":34,"column":4},"end":{"line":34,"column":35}},"16":{"start":{"line":35,"column":4},"end":{"line":35,"column":52}},"17":{"start":{"line":39,"column":18},"end":{"line":39,"column":62}},"18":{"start":{"line":40,"column":4},"end":{"line":42,"column":5}},"19":{"start":{"line":41,"column":6},"end":{"line":41,"column":41}},"20":{"start":{"line":44,"column":4},"end":{"line":44,"column":30}},"21":{"start":{"line":45,"column":4},"end":{"line":45,"column":52}},"22":{"start":{"line":49,"column":18},"end":{"line":49,"column":62}},"23":{"start":{"line":50,"column":4},"end":{"line":52,"column":5}},"24":{"start":{"line":51,"column":6},"end":{"line":51,"column":41}},"25":{"start":{"line":54,"column":4},"end":{"line":54,"column":48}},"26":{"start":{"line":55,"column":4},"end":{"line":55,"column":52}},"27":{"start":{"line":59,"column":28},"end":{"line":59,"column":71}},"28":{"start":{"line":60,"column":18},"end":{"line":60,"column":62}},"29":{"start":{"line":62,"column":4},"end":{"line":64,"column":5}},"30":{"start":{"line":63,"column":6},"end":{"line":63,"column":41}},"31":{"start":{"line":66,"column":28},"end":{"line":73,"column":5}},"32":{"start":{"line":75,"column":23},"end":{"line":75,"column":49}},"33":{"start":{"line":76,"column":4},"end":{"line":78,"column":5}},"34":{"start":{"line":77,"column":6},"end":{"line":77,"column":83}},"35":{"start":{"line":80,"column":4},"end":{"line":80,"column":46}},"36":{"start":{"line":81,"column":4},"end":{"line":81,"column":52}},"37":{"start":{"line":85,"column":20},"end":{"line":85,"column":55}},"38":{"start":{"line":86,"column":18},"end":{"line":86,"column":62}},"39":{"start":{"line":88,"column":4},"end":{"line":90,"column":5}},"40":{"start":{"line":89,"column":6},"end":{"line":89,"column":41}},"41":{"start":{"line":92,"column":20},"end":{"line":99,"column":5}},"42":{"start":{"line":101,"column":23},"end":{"line":101,"column":41}},"43":{"start":{"line":102,"column":4},"end":{"line":104,"column":5}},"44":{"start":{"line":103,"column":6},"end":{"line":103,"column":74}},"45":{"start":{"line":106,"column":4},"end":{"line":106,"column":30}},"46":{"start":{"line":107,"column":4},"end":{"line":107,"column":52}},"47":{"start":{"line":111,"column":18},"end":{"line":111,"column":62}},"48":{"start":{"line":112,"column":4},"end":{"line":114,"column":5}},"49":{"start":{"line":113,"column":6},"end":{"line":113,"column":41}},"50":{"start":{"line":117,"column":21},"end":{"line":117,"column":77}},"51":{"start":{"line":118,"column":4},"end":{"line":128,"column":5}},"52":{"start":{"line":119,"column":34},"end":{"line":123,"column":8}},"53":{"start":{"line":120,"column":8},"end":{"line":122,"column":10}},"54":{"start":{"line":121,"column":10},"end":{"line":121,"column":46}},"55":{"start":{"line":125,"column":6},"end":{"line":127,"column":7}},"56":{"start":{"line":126,"column":8},"end":{"line":126,"column":72}},"57":{"start":{"line":130,"column":4},"end":{"line":130,"column":20}},"58":{"start":{"line":131,"column":4},"end":{"line":131,"column":52}},"59":{"start":{"line":135,"column":18},"end":{"line":135,"column":62}},"60":{"start":{"line":136,"column":4},"end":{"line":138,"column":5}},"61":{"start":{"line":137,"column":6},"end":{"line":137,"column":41}},"62":{"start":{"line":140,"column":4},"end":{"line":140,"column":19}},"63":{"start":{"line":141,"column":4},"end":{"line":141,"column":52}},"64":{"start":{"line":145,"column":18},"end":{"line":145,"column":62}},"65":{"start":{"line":146,"column":4},"end":{"line":148,"column":5}},"66":{"start":{"line":147,"column":6},"end":{"line":147,"column":41}},"67":{"start":{"line":150,"column":4},"end":{"line":150,"column":34}},"68":{"start":{"line":154,"column":0},"end":{"line":154,"column":30}}},"fnMap":{"0":{"name":"(anonymous_0)","decl":{"start":{"line":5,"column":2},"end":{"line":5,"column":3}},"loc":{"start":{"line":5,"column":68},"end":{"line":9,"column":3}},"line":5},"1":{"name":"(anonymous_1)","decl":{"start":{"line":11,"column":2},"end":{"line":11,"column":3}},"loc":{"start":{"line":11,"column":32},"end":{"line":21,"column":3}},"line":11},"2":{"name":"(anonymous_2)","decl":{"start":{"line":23,"column":2},"end":{"line":23,"column":3}},"loc":{"start":{"line":23,"column":56},"end":{"line":36,"column":3}},"line":23},"3":{"name":"(anonymous_3)","decl":{"start":{"line":38,"column":2},"end":{"line":38,"column":3}},"loc":{"start":{"line":38,"column":47},"end":{"line":46,"column":3}},"line":38},"4":{"name":"(anonymous_4)","decl":{"start":{"line":48,"column":2},"end":{"line":48,"column":3}},"loc":{"start":{"line":48,"column":56},"end":{"line":56,"column":3}},"line":48},"5":{"name":"(anonymous_5)","decl":{"start":{"line":58,"column":2},"end":{"line":58,"column":3}},"loc":{"start":{"line":58,"column":45},"end":{"line":82,"column":3}},"line":58},"6":{"name":"(anonymous_6)","decl":{"start":{"line":84,"column":2},"end":{"line":84,"column":3}},"loc":{"start":{"line":84,"column":41},"end":{"line":108,"column":3}},"line":84},"7":{"name":"(anonymous_7)","decl":{"start":{"line":110,"column":2},"end":{"line":110,"column":3}},"loc":{"start":{"line":110,"column":30},"end":{"line":132,"column":3}},"line":110},"8":{"name":"(anonymous_8)","decl":{"start":{"line":119,"column":51},"end":{"line":119,"column":52}},"loc":{"start":{"line":119,"column":59},"end":{"line":123,"column":7}},"line":119},"9":{"name":"(anonymous_9)","decl":{"start":{"line":120,"column":39},"end":{"line":120,"column":40}},"loc":{"start":{"line":121,"column":10},"end":{"line":121,"column":46}},"line":121},"10":{"name":"(anonymous_10)","decl":{"start":{"line":134,"column":2},"end":{"line":134,"column":3}},"loc":{"start":{"line":134,"column":29},"end":{"line":142,"column":3}},"line":134},"11":{"name":"(anonymous_11)","decl":{"start":{"line":144,"column":2},"end":{"line":144,"column":3}},"loc":{"start":{"line":144,"column":31},"end":{"line":151,"column":3}},"line":144}},"branchMap":{"0":{"loc":{"start":{"line":15,"column":4},"end":{"line":17,"column":5}},"type":"if","locations":[{"start":{"line":15,"column":4},"end":{"line":17,"column":5}},{"start":{},"end":{}}],"line":15},"1":{"loc":{"start":{"line":23,"column":42},"end":{"line":23,"column":54}},"type":"default-arg","locations":[{"start":{"line":23,"column":53},"end":{"line":23,"column":54}}],"line":23},"2":{"loc":{"start":{"line":25,"column":4},"end":{"line":27,"column":5}},"type":"if","locations":[{"start":{"line":25,"column":4},"end":{"line":27,"column":5}},{"start":{},"end":{}}],"line":25},"3":{"loc":{"start":{"line":30,"column":4},"end":{"line":32,"column":5}},"type":"if","locations":[{"start":{"line":30,"column":4},"end":{"line":32,"column":5}},{"start":{},"end":{}}],"line":30},"4":{"loc":{"start":{"line":40,"column":4},"end":{"line":42,"column":5}},"type":"if","locations":[{"start":{"line":40,"column":4},"end":{"line":42,"column":5}},{"start":{},"end":{}}],"line":40},"5":{"loc":{"start":{"line":50,"column":4},"end":{"line":52,"column":5}},"type":"if","locations":[{"start":{"line":50,"column":4},"end":{"line":52,"column":5}},{"start":{},"end":{}}],"line":50},"6":{"loc":{"start":{"line":62,"column":4},"end":{"line":64,"column":5}},"type":"if","locations":[{"start":{"line":62,"column":4},"end":{"line":64,"column":5}},{"start":{},"end":{}}],"line":62},"7":{"loc":{"start":{"line":76,"column":4},"end":{"line":78,"column":5}},"type":"if","locations":[{"start":{"line":76,"column":4},"end":{"line":78,"column":5}},{"start":{},"end":{}}],"line":76},"8":{"loc":{"start":{"line":88,"column":4},"end":{"line":90,"column":5}},"type":"if","locations":[{"start":{"line":88,"column":4},"end":{"line":90,"column":5}},{"start":{},"end":{}}],"line":88},"9":{"loc":{"start":{"line":102,"column":4},"end":{"line":104,"column":5}},"type":"if","locations":[{"start":{"line":102,"column":4},"end":{"line":104,"column":5}},{"start":{},"end":{}}],"line":102},"10":{"loc":{"start":{"line":112,"column":4},"end":{"line":114,"column":5}},"type":"if","locations":[{"start":{"line":112,"column":4},"end":{"line":114,"column":5}},{"start":{},"end":{}}],"line":112},"11":{"loc":{"start":{"line":118,"column":4},"end":{"line":128,"column":5}},"type":"if","locations":[{"start":{"line":118,"column":4},"end":{"line":128,"column":5}},{"start":{},"end":{}}],"line":118},"12":{"loc":{"start":{"line":118,"column":8},"end":{"line":118,"column":49}},"type":"binary-expr","locations":[{"start":{"line":118,"column":8},"end":{"line":118,"column":16}},{"start":{"line":118,"column":20},"end":{"line":118,"column":49}}],"line":118},"13":{"loc":{"start":{"line":125,"column":6},"end":{"line":127,"column":7}},"type":"if","locations":[{"start":{"line":125,"column":6},"end":{"line":127,"column":7}},{"start":{},"end":{}}],"line":125},"14":{"loc":{"start":{"line":136,"column":4},"end":{"line":138,"column":5}},"type":"if","locations":[{"start":{"line":136,"column":4},"end":{"line":138,"column":5}},{"start":{},"end":{}}],"line":136},"15":{"loc":{"start":{"line":146,"column":4},"end":{"line":148,"column":5}},"type":"if","locations":[{"start":{"line":146,"column":4},"end":{"line":148,"column":5}},{"start":{},"end":{}}],"line":146}},"s":{"0":3,"1":3,"2":3,"3":5,"4":5,"5":5,"6":1,"7":4,"8":4,"9":3,"10":3,"11":0,"12":3,"13":3,"14":0,"15":3,"16":3,"17":1,"18":1,"19":0,"20":1,"21":1,"22":1,"23":1,"24":0,"25":1,"26":1,"27":3,"28":3,"29":3,"30":0,"31":3,"32":3,"33":3,"34":1,"35":2,"36":2,"37":2,"38":2,"39":2,"40":0,"41":2,"42":2,"43":2,"44":0,"45":2,"46":2,"47":2,"48":2,"49":0,"50":2,"51":2,"52":1,"53":1,"54":2,"55":1,"56":1,"57":1,"58":1,"59":1,"60":1,"61":0,"62":1,"63":1,"64":1,"65":1,"66":0,"67":1,"68":3},"f":{"0":3,"1":5,"2":3,"3":1,"4":1,"5":3,"6":2,"7":2,"8":1,"9":2,"10":1,"11":1},"b":{"0":[1,4],"1":[0],"2":[0,3],"3":[0,3],"4":[0,1],"5":[0,1],"6":[0,3],"7":[1,2],"8":[0,2],"9":[0,2],"10":[0,2],"11":[1,1],"12":[2,2],"13":[1,0],"14":[0,1],"15":[0,1]},"_coverageSchema":"1a1c01bbd47fc00a2c39e90264f33305004495a9","hash":"394e92bb5e4987c009e49a6b4cc06c421b521e75"}
,"/home/runner/work/tourdepizza/tourdepizza/backend/src/domain/services/PizzaService.js": {"path":"/home/runner/work/tourdepizza/tourdepizza/backend/src/domain/services/PizzaService.js","statementMap":{"0":{"start":{"line":6,"column":4},"end":{"line":6,"column":43}},"1":{"start":{"line":7,"column":4},"end":{"line":7,"column":47}},"2":{"start":{"line":11,"column":18},"end":{"line":11,"column":46}},"3":{"start":{"line":13,"column":21},"end":{"line":13,"column":23}},"4":{"start":{"line":14,"column":4},"end":{"line":23,"column":5}},"5":{"start":{"line":15,"column":22},"end":{"line":15,"column":70}},"6":{"start":{"line":16,"column":6},"end":{"line":18,"column":7}},"7":{"start":{"line":17,"column":8},"end":{"line":17,"column":58}},"8":{"start":{"line":19,"column":6},"end":{"line":21,"column":7}},"9":{"start":{"line":20,"column":8},"end":{"line":20,"column":68}},"10":{"start":{"line":22,"column":6},"end":{"line":22,"column":29}},"11":{"start":{"line":26,"column":22},"end":{"line":26,"column":70}},"12":{"start":{"line":26,"column":56},"end":{"line":26,"column":67}},"13":{"start":{"line":27,"column":4},"end":{"line":27,"column":38}},"14":{"start":{"line":29,"column":18},"end":{"line":29,"column":77}},"15":{"start":{"line":31,"column":23},"end":{"line":31,"column":39}},"16":{"start":{"line":32,"column":4},"end":{"line":34,"column":5}},"17":{"start":{"line":33,"column":6},"end":{"line":33,"column":72}},"18":{"start":{"line":36,"column":4},"end":{"line":36,"column":50}},"19":{"start":{"line":40,"column":18},"end":{"line":40,"column":62}},"20":{"start":{"line":41,"column":4},"end":{"line":43,"column":5}},"21":{"start":{"line":42,"column":6},"end":{"line":42,"column":41}},"22":{"start":{"line":45,"column":20},"end":{"line":45,"column":68}},"23":{"start":{"line":46,"column":4},"end":{"line":48,"column":5}},"24":{"start":{"line":47,"column":6},"end":{"line":47,"column":43}},"25":{"start":{"line":50,"column":4},"end":{"line":52,"column":5}},"26":{"start":{"line":51,"column":6},"end":{"line":51,"column":66}},"27":{"start":{"line":54,"column":4},"end":{"line":54,"column":30}},"28":{"start":{"line":57,"column":4},"end":{"line":59,"column":5}},"29":{"start":{"line":58,"column":6},"end":{"line":58,"column":81}},"30":{"start":{"line":61,"column":4},"end":{"line":61,"column":50}},"31":{"start":{"line":65,"column":18},"end":{"line":65,"column":62}},"32":{"start":{"line":66,"column":4},"end":{"line":68,"column":5}},"33":{"start":{"line":67,"column":6},"end":{"line":67,"column":41}},"34":{"start":{"line":70,"column":4},"end":{"line":70,"column":35}},"35":{"start":{"line":73,"column":22},"end":{"line":73,"column":41}},"36":{"start":{"line":74,"column":4},"end":{"line":78,"column":7}},"37":{"start":{"line":75,"column":6},"end":{"line":77,"column":7}},"38":{"start":{"line":76,"column":8},"end":{"line":76,"column":39}},"39":{"start":{"line":79,"column":4},"end":{"line":79,"column":46}},"40":{"start":{"line":81,"column":4},"end":{"line":81,"column":50}},"41":{"start":{"line":85,"column":4},"end":{"line":85,"column":48}},"42":{"start":{"line":89,"column":18},"end":{"line":89,"column":57}},"43":{"start":{"line":90,"column":4},"end":{"line":92,"column":5}},"44":{"start":{"line":91,"column":6},"end":{"line":91,"column":41}},"45":{"start":{"line":93,"column":4},"end":{"line":93,"column":17}},"46":{"start":{"line":97,"column":4},"end":{"line":97,"column":56}},"47":{"start":{"line":101,"column":18},"end":{"line":101,"column":62}},"48":{"start":{"line":102,"column":4},"end":{"line":104,"column":5}},"49":{"start":{"line":103,"column":6},"end":{"line":103,"column":41}},"50":{"start":{"line":106,"column":22},"end":{"line":106,"column":79}},"51":{"start":{"line":106,"column":51},"end":{"line":106,"column":78}},"52":{"start":{"line":107,"column":4},"end":{"line":110,"column":6}},"53":{"start":{"line":114,"column":0},"end":{"line":114,"column":30}}},"fnMap":{"0":{"name":"(anonymous_0)","decl":{"start":{"line":5,"column":2},"end":{"line":5,"column":3}},"loc":{"start":{"line":5,"column":50},"end":{"line":8,"column":3}},"line":5},"1":{"name":"(anonymous_1)","decl":{"start":{"line":10,"column":2},"end":{"line":10,"column":3}},"loc":{"start":{"line":10,"column":66},"end":{"line":37,"column":3}},"line":10},"2":{"name":"(anonymous_2)","decl":{"start":{"line":26,"column":51},"end":{"line":26,"column":52}},"loc":{"start":{"line":26,"column":56},"end":{"line":26,"column":67}},"line":26},"3":{"name":"(anonymous_3)","decl":{"start":{"line":39,"column":2},"end":{"line":39,"column":3}},"loc":{"start":{"line":39,"column":46},"end":{"line":62,"column":3}},"line":39},"4":{"name":"(anonymous_4)","decl":{"start":{"line":64,"column":2},"end":{"line":64,"column":3}},"loc":{"start":{"line":64,"column":51},"end":{"line":82,"column":3}},"line":64},"5":{"name":"(anonymous_5)","decl":{"start":{"line":74,"column":27},"end":{"line":74,"column":28}},"loc":{"start":{"line":74,"column":32},"end":{"line":78,"column":5}},"line":74},"6":{"name":"(anonymous_6)","decl":{"start":{"line":84,"column":2},"end":{"line":84,"column":3}},"loc":{"start":{"line":84,"column":23},"end":{"line":86,"column":3}},"line":84},"7":{"name":"(anonymous_7)","decl":{"start":{"line":88,"column":2},"end":{"line":88,"column":3}},"loc":{"start":{"line":88,"column":25},"end":{"line":94,"column":3}},"line":88},"8":{"name":"(anonymous_8)","decl":{"start":{"line":96,"column":2},"end":{"line":96,"column":3}},"loc":{"start":{"line":96,"column":25},"end":{"line":98,"column":3}},"line":96},"9":{"name":"(anonymous_9)","decl":{"start":{"line":100,"column":2},"end":{"line":100,"column":3}},"loc":{"start":{"line":100,"column":43},"end":{"line":111,"column":3}},"line":100},"10":{"name":"(anonymous_10)","decl":{"start":{"line":106,"column":39},"end":{"line":106,"column":40}},"loc":{"start":{"line":106,"column":51},"end":{"line":106,"column":78}},"line":106}},"branchMap":{"0":{"loc":{"start":{"line":10,"column":49},"end":{"line":10,"column":64}},"type":"default-arg","locations":[{"start":{"line":10,"column":62},"end":{"line":10,"column":64}}],"line":10},"1":{"loc":{"start":{"line":16,"column":6},"end":{"line":18,"column":7}},"type":"if","locations":[{"start":{"line":16,"column":6},"end":{"line":18,"column":7}},{"start":{},"end":{}}],"line":16},"2":{"loc":{"start":{"line":19,"column":6},"end":{"line":21,"column":7}},"type":"if","locations":[{"start":{"line":19,"column":6},"end":{"line":21,"column":7}},{"start":{},"end":{}}],"line":19},"3":{"loc":{"start":{"line":32,"column":4},"end":{"line":34,"column":5}},"type":"if","locations":[{"start":{"line":32,"column":4},"end":{"line":34,"column":5}},{"start":{},"end":{}}],"line":32},"4":{"loc":{"start":{"line":41,"column":4},"end":{"line":43,"column":5}},"type":"if","locations":[{"start":{"line":41,"column":4},"end":{"line":43,"column":5}},{"start":{},"end":{}}],"line":41},"5":{"loc":{"start":{"line":46,"column":4},"end":{"line":48,"column":5}},"type":"if","locations":[{"start":{"line":46,"column":4},"end":{"line":48,"column":5}},{"start":{},"end":{}}],"line":46},"6":{"loc":{"start":{"line":50,"column":4},"end":{"line":52,"column":5}},"type":"if","locations":[{"start":{"line":50,"column":4},"end":{"line":52,"column":5}},{"start":{},"end":{}}],"line":50},"7":{"loc":{"start":{"line":57,"column":4},"end":{"line":59,"column":5}},"type":"if","locations":[{"start":{"line":57,"column":4},"end":{"line":59,"column":5}},{"start":{},"end":{}}],"line":57},"8":{"loc":{"start":{"line":57,"column":8},"end":{"line":57,"column":57}},"type":"binary-expr","locations":[{"start":{"line":57,"column":8},"end":{"line":57,"column":25}},{"start":{"line":57,"column":29},"end":{"line":57,"column":57}}],"line":57},"9":{"loc":{"start":{"line":66,"column":4},"end":{"line":68,"column":5}},"type":"if","locations":[{"start":{"line":66,"column":4},"end":{"line":68,"column":5}},{"start":{},"end":{}}],"line":66},"10":{"loc":{"start":{"line":75,"column":6},"end":{"line":77,"column":7}},"type":"if","locations":[{"start":{"line":75,"column":6},"end":{"line":77,"column":7}},{"start":{},"end":{}}],"line":75},"11":{"loc":{"start":{"line":90,"column":4},"end":{"line":92,"column":5}},"type":"if","locations":[{"start":{"line":90,"column":4},"end":{"line":92,"column":5}},{"start":{},"end":{}}],"line":90},"12":{"loc":{"start":{"line":102,"column":4},"end":{"line":104,"column":5}},"type":"if","locations":[{"start":{"line":102,"column":4},"end":{"line":104,"column":5}},{"start":{},"end":{}}],"line":102}},"s":{"0":3,"1":3,"2":2,"3":2,"4":2,"5":0,"6":0,"7":0,"8":0,"9":0,"10":0,"11":2,"12":0,"13":2,"14":2,"15":2,"16":2,"17":1,"18":1,"19":0,"20":0,"21":0,"22":0,"23":0,"24":0,"25":0,"26":0,"27":0,"28":0,"29":0,"30":0,"31":0,"32":0,"33":0,"34":0,"35":0,"36":0,"37":0,"38":0,"39":0,"40":0,"41":5,"42":2,"43":2,"44":1,"45":1,"46":1,"47":1,"48":1,"49":0,"50":1,"51":2,"52":1,"53":3},"f":{"0":3,"1":2,"2":0,"3":0,"4":0,"5":0,"6":5,"7":2,"8":1,"9":1,"10":2},"b":{"0":[1],"1":[0,0],"2":[0,0],"3":[1,1],"4":[0,0],"5":[0,0],"6":[0,0],"7":[0,0],"8":[0,0],"9":[0,0],"10":[0,0],"11":[1,1],"12":[0,1]},"_coverageSchema":"1a1c01bbd47fc00a2c39e90264f33305004495a9","hash":"a590c1e1894c67aad85a94974067f7be569ff1d0"}
,"/home/runner/work/tourdepizza/tourdepizza/backend/src/domain/value-objects/Allergy.js": {"path":"/home/runner/work/tourdepizza/tourdepizza/backend/src/domain/value-objects/Allergy.js","statementMap":{"0":{"start":{"line":7,"column":4},"end":{"line":7,"column":22}},"1":{"start":{"line":8,"column":4},"end":{"line":8,"column":30}},"2":{"start":{"line":9,"column":4},"end":{"line":9,"column":24}},"3":{"start":{"line":10,"column":4},"end":{"line":10,"column":24}},"4":{"start":{"line":14,"column":4},"end":{"line":14,"column":22}},"5":{"start":{"line":18,"column":4},"end":{"line":18,"column":26}},"6":{"start":{"line":22,"column":4},"end":{"line":22,"column":23}},"7":{"start":{"line":26,"column":4},"end":{"line":28,"column":5}},"8":{"start":{"line":27,"column":6},"end":{"line":27,"column":19}},"9":{"start":{"line":29,"column":4},"end":{"line":30,"column":46}},"10":{"start":{"line":34,"column":19},"end":{"line":34,"column":21}},"11":{"start":{"line":36,"column":4},"end":{"line":38,"column":5}},"12":{"start":{"line":37,"column":6},"end":{"line":37,"column":46}},"13":{"start":{"line":40,"column":4},"end":{"line":42,"column":5}},"14":{"start":{"line":41,"column":6},"end":{"line":41,"column":64}},"15":{"start":{"line":44,"column":4},"end":{"line":47,"column":6}},"16":{"start":{"line":51,"column":4},"end":{"line":55,"column":6}},"17":{"start":{"line":59,"column":0},"end":{"line":59,"column":25}}},"fnMap":{"0":{"name":"(anonymous_0)","decl":{"start":{"line":6,"column":2},"end":{"line":6,"column":3}},"loc":{"start":{"line":6,"column":55},"end":{"line":11,"column":3}},"line":6},"1":{"name":"(anonymous_1)","decl":{"start":{"line":13,"column":2},"end":{"line":13,"column":3}},"loc":{"start":{"line":13,"column":13},"end":{"line":15,"column":3}},"line":13},"2":{"name":"(anonymous_2)","decl":{"start":{"line":17,"column":2},"end":{"line":17,"column":3}},"loc":{"start":{"line":17,"column":17},"end":{"line":19,"column":3}},"line":17},"3":{"name":"(anonymous_3)","decl":{"start":{"line":21,"column":2},"end":{"line":21,"column":3}},"loc":{"start":{"line":21,"column":14},"end":{"line":23,"column":3}},"line":21},"4":{"name":"(anonymous_4)","decl":{"start":{"line":25,"column":2},"end":{"line":25,"column":3}},"loc":{"start":{"line":25,"column":16},"end":{"line":31,"column":3}},"line":25},"5":{"name":"(anonymous_5)","decl":{"start":{"line":33,"column":2},"end":{"line":33,"column":3}},"loc":{"start":{"line":33,"column":13},"end":{"line":48,"column":3}},"line":33},"6":{"name":"(anonymous_6)","decl":{"start":{"line":50,"column":2},"end":{"line":50,"column":3}},"loc":{"start":{"line":50,"column":11},"end":{"line":56,"column":3}},"line":50}},"branchMap":{"0":{"loc":{"start":{"line":6,"column":20},"end":{"line":6,"column":41}},"type":"default-arg","locations":[{"start":{"line":6,"column":31},"end":{"line":6,"column":41}}],"line":6},"1":{"loc":{"start":{"line":6,"column":43},"end":{"line":6,"column":53}},"type":"default-arg","locations":[{"start":{"line":6,"column":51},"end":{"line":6,"column":53}}],"line":6},"2":{"loc":{"start":{"line":26,"column":4},"end":{"line":28,"column":5}},"type":"if","locations":[{"start":{"line":26,"column":4},"end":{"line":28,"column":5}},{"start":{},"end":{}}],"line":26},"3":{"loc":{"start":{"line":29,"column":11},"end":{"line":30,"column":45}},"type":"binary-expr","locations":[{"start":{"line":29,"column":11},"end":{"line":29,"column":37}},{"start":{"line":30,"column":11},"end":{"line":30,"column":45}}],"line":29},"4":{"loc":{"start":{"line":36,"column":4},"end":{"line":38,"column":5}},"type":"if","locations":[{"start":{"line":36,"column":4},"end":{"line":38,"column":5}},{"start":{},"end":{}}],"line":36},"5":{"loc":{"start":{"line":36,"column":8},"end":{"line":36,"column":47}},"type":"binary-expr","locations":[{"start":{"line":36,"column":8},"end":{"line":36,"column":19}},{"start":{"line":36,"column":23},"end":{"line":36,"column":47}}],"line":36},"6":{"loc":{"start":{"line":40,"column":4},"end":{"line":42,"column":5}},"type":"if","locations":[{"start":{"line":40,"column":4},"end":{"line":42,"column":5}},{"start":{},"end":{}}],"line":40}},"s":{"0":10,"1":10,"2":10,"3":10,"4":9,"5":0,"6":0,"7":0,"8":0,"9":0,"10":4,"11":4,"12":0,"13":4,"14":1,"15":4,"16":3,"17":2},"f":{"0":10,"1":9,"2":0,"3":0,"4":0,"5":4,"6":3},"b":{"0":[0],"1":[5],"2":[0,0],"3":[0,0],"4":[0,4],"5":[4,4],"6":[1,3]},"_coverageSchema":"1a1c01bbd47fc00a2c39e90264f33305004495a9","hash":"3b382e1ba2781ef3c6f6e0164a608f446c6c3341"}
,"/home/runner/work/tourdepizza/tourdepizza/backend/src/domain/value-objects/DeliveryAddress.js": {"path":"/home/runner/work/tourdepizza/tourdepizza/backend/src/domain/value-objects/DeliveryAddress.js","statementMap":{"0":{"start":{"line":6,"column":4},"end":{"line":6,"column":26}},"1":{"start":{"line":7,"column":4},"end":{"line":7,"column":22}},"2":{"start":{"line":8,"column":4},"end":{"line":8,"column":24}},"3":{"start":{"line":9,"column":4},"end":{"line":9,"column":28}},"4":{"start":{"line":10,"column":4},"end":{"line":10,"column":28}},"5":{"start":{"line":11,"column":4},"end":{"line":11,"column":38}},"6":{"start":{"line":12,"column":4},"end":{"line":12,"column":24}},"7":{"start":{"line":16,"column":4},"end":{"line":16,"column":24}},"8":{"start":{"line":20,"column":4},"end":{"line":20,"column":22}},"9":{"start":{"line":24,"column":4},"end":{"line":24,"column":23}},"10":{"start":{"line":28,"column":4},"end":{"line":28,"column":25}},"11":{"start":{"line":32,"column":4},"end":{"line":32,"column":25}},"12":{"start":{"line":36,"column":4},"end":{"line":36,"column":30}},"13":{"start":{"line":40,"column":4},"end":{"line":42,"column":5}},"14":{"start":{"line":41,"column":6},"end":{"line":41,"column":19}},"15":{"start":{"line":43,"column":4},"end":{"line":47,"column":44}},"16":{"start":{"line":51,"column":19},"end":{"line":51,"column":21}},"17":{"start":{"line":53,"column":4},"end":{"line":55,"column":5}},"18":{"start":{"line":54,"column":6},"end":{"line":54,"column":48}},"19":{"start":{"line":57,"column":4},"end":{"line":59,"column":5}},"20":{"start":{"line":58,"column":6},"end":{"line":58,"column":38}},"21":{"start":{"line":61,"column":4},"end":{"line":63,"column":5}},"22":{"start":{"line":62,"column":6},"end":{"line":62,"column":39}},"23":{"start":{"line":65,"column":4},"end":{"line":67,"column":5}},"24":{"start":{"line":66,"column":6},"end":{"line":66,"column":48}},"25":{"start":{"line":69,"column":4},"end":{"line":72,"column":6}},"26":{"start":{"line":76,"column":4},"end":{"line":76,"column":95}},"27":{"start":{"line":80,"column":4},"end":{"line":87,"column":6}},"28":{"start":{"line":91,"column":0},"end":{"line":91,"column":33}}},"fnMap":{"0":{"name":"(anonymous_0)","decl":{"start":{"line":5,"column":2},"end":{"line":5,"column":3}},"loc":{"start":{"line":5,"column":80},"end":{"line":13,"column":3}},"line":5},"1":{"name":"(anonymous_1)","decl":{"start":{"line":15,"column":2},"end":{"line":15,"column":3}},"loc":{"start":{"line":15,"column":15},"end":{"line":17,"column":3}},"line":15},"2":{"name":"(anonymous_2)","decl":{"start":{"line":19,"column":2},"end":{"line":19,"column":3}},"loc":{"start":{"line":19,"column":13},"end":{"line":21,"column":3}},"line":19},"3":{"name":"(anonymous_3)","decl":{"start":{"line":23,"column":2},"end":{"line":23,"column":3}},"loc":{"start":{"line":23,"column":14},"end":{"line":25,"column":3}},"line":23},"4":{"name":"(anonymous_4)","decl":{"start":{"line":27,"column":2},"end":{"line":27,"column":3}},"loc":{"start":{"line":27,"column":16},"end":{"line":29,"column":3}},"line":27},"5":{"name":"(anonymous_5)","decl":{"start":{"line":31,"column":2
[...]
,"/home/runner/work/tourdepizza/tourdepizza/backend/src/interfaces/http/controllers/CustomerController.js": {"path":"/home/runner/work/tourdepizza/tourdepizza/backend/src/interfaces/http/controllers/CustomerController.js","statementMap":{"0":{"start":{"line":2,"column":24},"end":{"line":2,"column":75}},"1":{"start":{"line":3,"column":27},"end":{"line":3,"column":85}},"2":{"start":{"line":5,"column":24},"end":{"line":5,"column":63}},"3":{"start":{"line":9,"column":4},"end":{"line":15,"column":5}},"4":{"start":{"line":10,"column":37},"end":{"line":10,"column":45}},"5":{"start":{"line":11,"column":23},"end":{"line":11,"column":79}},"6":{"start":{"line":12,"column":6},"end":{"line":12,"column":37}},"7":{"start":{"line":14,"column":6},"end":{"line":14,"column":53}},"8":{"start":{"line":19,"column":4},"end":{"line":24,"column":5}},"9":{"start":{"line":20,"column":23},"end":{"line":20,"column":75}},"10":{"start":{"line":21,"column":6},"end":{"line":21,"column":25}},"11":{"start":{"line":23,"column":6},"end":{"line":23,"column":53}},"12":{"start":{"line":28,"column":4},"end":{"line":33,"column":5}},"13":{"start":{"line":29,"column":23},"end":{"line":29,"column":84}},"14":{"start":{"line":30,"column":6},"end":{"line":30,"column":25}},"15":{"start":{"line":32,"column":6},"end":{"line":32,"column":53}},"16":{"start":{"line":37,"column":4},"end":{"line":43,"column":5}},"17":{"start":{"line":38,"column":38},"end":{"line":38,"column":46}},"18":{"start":{"line":39,"column":23},"end":{"line":39,"column":76}},"19":{"start":{"line":40,"column":6},"end":{"line":40,"column":25}},"20":{"start":{"line":42,"column":6},"end":{"line":42,"column":53}},"21":{"start":{"line":47,"column":4},"end":{"line":53,"column":5}},"22":{"start":{"line":48,"column":42},"end":{"line":48,"column":50}},"23":{"start":{"line":49,"column":23},"end":{"line":49,"column":83}},"24":{"start":{"line":50,"column":6},"end":{"line":50,"column":25}},"25":{"start":{"line":52,"column":6},"end":{"line":52,"column":53}},"26":{"start":{"line":57,"column":4},"end":{"line":62,"column":5}},"27":{"start":{"line":58,"column":24},"end":{"line":58,"column":81}},"28":{"start":{"line":59,"column":6},"end":{"line":59,"column":26}},"29":{"start":{"line":61,"column":6},"end":{"line":61,"column":53}},"30":{"start":{"line":66,"column":0},"end":{"line":66,"column":42}}},"fnMap":{"0":{"name":"(anonymous_0)","decl":{"start":{"line":8,"column":2},"end":{"line":8,"column":3}},"loc":{"start":{"line":8,"column":33},"end":{"line":16,"column":3}},"line":8},"1":{"name":"(anonymous_1)","decl":{"start":{"line":18,"column":2},"end":{"line":18,"column":3}},"loc":{"start":{"line":18,"column":34},"end":{"line":25,"column":3}},"line":18},"2":{"name":"(anonymous_2)","decl":{"start":{"line":27,"column":2},"end":{"line":27,"column":3}},"loc":{"start":{"line":27,"column":33},"end":{"line":34,"column":3}},"line":27},"3":{"name":"(anonymous_3)","decl":{"start":{"line":36,"column":2},"end":{"line":36,"column":3}},"loc":{"start":{"line":36,"column":29},"end":{"line":44,"column":3}},"line":36},"4":{"name":"(anonymous_4)","decl":{"start":{"line":46,"column":2},"end":{"line":46,"column":3}},"loc":{"start":{"line":46,"column":32},"end":{"line":54,"column":3}},"line":46},"5":{"name":"(anonymous_5)","decl":{"start":{"line":56,"column":2},"end":{"line":56,"column":3}},"loc":{"start":{"line":56,"column":39},"end":{"line":63,"column":3}},"line":56}},"branchMap":{},"s":{"0":3,"1":3,"2":3,"3":4,"4":4,"5":4,"6":2,"7":2,"8":2,"9":2,"10":1,"11":1,"12":1,"13":1,"14":1,"15":0,"16":4,"17":4,"18":4,"19":3,"20":1,"21":1,"22":1,"23":1,"24":1,"25":0,"26":2,"27":2,"28":2,"29":0,"30":3},"f":{"0":4,"1":2,"2":1,"3":4,"4":1,"5":2},"b":{},"_coverageSchema":"1a1c01bbd47fc00a2c39e90264f33305004495a9","hash":"8ca337f624da79f22ea87a76f492d8c8f80456f6"}
,"/home/runner/work/tourdepizza/tourdepizza/backend/src/interfaces/http/controllers/OrderController.js": {"path":"/home/runner/work/tourdepizza/tourdepizza/backend/src/interfaces/http/controllers/OrderController.js","statementMap":{"0":{"start":{"line":2,"column":21},"end":{"line":2,"column":69}},"1":{"start":{"line":3,"column":24},"end":{"line":3,"column":79}},"2":{"start":{"line":4,"column":24},"end":{"line":4,"column":79}},"3":{"start":{"line":5,"column":27},"end":{"line":5,"column":85}},"4":{"start":{"line":7,"column":21},"end":{"line":7,"column":91}},"5":{"start":{"line":11,"column":4},"end":{"line":17,"column":5}},"6":{"start":{"line":12,"column":29},"end":{"line":12,"column":37}},"7":{"start":{"line":13,"column":20},"end":{"line":13,"column":62}},"8":{"start":{"line":14,"column":6},"end":{"line":14,"column":34}},"9":{"start":{"line":16,"column":6},"end":{"line":16,"column":53}},"10":{"start":{"line":21,"column":4},"end":{"line":29,"column":5}},"11":{"start":{"line":22,"column":20},"end":{"line":22,"column":65}},"12":{"start":{"line":23,"column":6},"end":{"line":25,"column":7}},"13":{"start":{"line":24,"column":8},"end":{"line":24,"column":66}},"14":{"start":{"line":26,"column":6},"end":{"line":26,"column":22}},"15":{"start":{"line":28,"column":6},"end":{"line":28,"column":53}},"16":{"start":{"line":33,"column":4},"end":{"line":38,"column":5}},"17":{"start":{"line":34,"column":21},"end":{"line":34,"column":82}},"18":{"start":{"line":35,"column":6},"end":{"line":35,"column":23}},"19":{"start":{"line":37,"column":6},"end":{"line":37,"column":53}},"20":{"start":{"line":42,"column":4},"end":{"line":48,"column":5}},"21":{"start":{"line":43,"column":45},"end":{"line":43,"column":53}},"22":{"start":{"line":44,"column":20},"end":{"line":44,"column":82}},"23":{"start":{"line":45,"column":6},"end":{"line":45,"column":22}},"24":{"start":{"line":47,"column":6},"end":{"line":47,"column":53}},"25":{"start":{"line":52,"column":4},"end":{"line":58,"column":5}},"26":{"start":{"line":53,"column":35},"end":{"line":53,"column":43}},"27":{"start":{"line":54,"column":20},"end":{"line":54,"column":77}},"28":{"start":{"line":55,"column":6},"end":{"line":55,"column":22}},"29":{"start":{"line":57,"column":6},"end":{"line":57,"column":53}},"30":{"start":{"line":62,"column":4},"end":{"line":68,"column":5}},"31":{"start":{"line":63,"column":45},"end":{"line":63,"column":53}},"32":{"start":{"line":64,"column":20},"end":{"line":64,"column":86}},"33":{"start":{"line":65,"column":6},"end":{"line":65,"column":22}},"34":{"start":{"line":67,"column":6},"end":{"line":67,"column":53}},"35":{"start":{"line":72,"column":4},"end":{"line":78,"column":5}},"36":{"start":{"line":73,"column":35},"end":{"line":73,"column":43}},"37":{"start":{"line":74,"column":20},"end":{"line":74,"column":75}},"38":{"start":{"line":75,"column":6},"end":{"line":75,"column":22}},"39":{"start":{"line":77,"column":6},"end":{"line":77,"column":53}},"40":{"start":{"line":82,"column":4},"end":{"line":88,"column":5}},"41":{"start":{"line":83,"column":35},"end":{"line":83,"column":43}},"42":{"start":{"line":84,"column":20},"end":{"line":84,"column":67}},"43":{"start":{"line":85,"column":6},"end":{"line":85,"column":22}},"44":{"start":{"line":87,"column":6},"end":{"line":87,"column":53}},"45":{"start":{"line":92,"column":4},"end":{"line":98,"column":5}},"46":{"start":{"line":93,"column":26},"end":{"line":93,"column":34}},"47":{"start":{"line":94,"column":20},"end":{"line":94,"column":60}},"48":{"start":{"line":95,"column":6},"end":{"line":95,"column":22}},"49":{"start":{"line":97,"column":6},"end":{"line":97,"column":53}},"50":{"start":{"line":102,"column":4},"end":{"line":108,"column":5}},"51":{"start":{"line":103,"column":26},"end":{"line":103,"column":34}},"52":{"start":{"line":104,"column":20},"end":{"line":104,"column":59}},"53":{"start":{"line":105,"column":6},"end":{"line":105,"column":22}},"54":{"start":{"line":107,"column":6},"end":{"line":107,"column":53}},"55":{"start":{"line":112,"column":4},"end":{"line":117,"column":5}},"56":{"start":{"line":113,"column":20},"end":{"line":113,"column":67}},"57":{"start":{"line":114,"column":6},"end":{"line":114,"column":26}},"58":{"start":{"line":116,"column":6},"end":{"line":116,"column":53}},"59":{"start":{"line":121,"column":0},"end":{"line":121,"column":39}}},"fnMap":{"0":{"name":"(anonymous_0)","decl":{"start":{"line":10,"column":2},"end":{"line":10,"column":3}},"loc":{"start":{"line":10,"column":30},"end":{"line":18,"column":3}},"line":10},"1":{"name":"(anonymous_1)","decl":{"start":{"line":20,"column":2},"end":{"line":20,"column":3}},"loc":{"start":{"line":20,"column":31},"end":{"line":30,"column":3}},"line":20},"2":{"name":"(anonymous_2)","decl":{"start":{"line":32,"column":2},"end":{"line":32,"column":3}},"loc":{"start":{"line":32,"column":38},"end":{"line":39,"column":3}},"line":32},"3":{"name":"(anonymous_3)","decl":{"start":{"line":41,"column":2},"end":{"line":41,"column":3}},"loc":{"start":{"line":41,"column":34},"end":{"line":49,"column":3}},"line":41},"4":{"name":"(anonymous_4)","decl":{"start":{"line":51,"column":2},"end":{"line":51,"column":3}},"loc":{"start":{"line":51,"column":39},"end":{"line":59,"column":3}},"line":51},"5":{"name":"(anonymous_5)","decl":{"start":{"line":61,"column":2},"end":{"line":61,"column":3}},"loc":{"start":{"line":61,"column":38},"end":{"line":69,"column":3}},"line":61},"6":{"name":"(anonymous_6)","decl":{"start":{"line":71,"column":2},"end":{"line":71,"column":3}},"loc":{"start":{"line":71,"column":37},"end":{"line":79,"column":3}},"line":71},"7":{"name":"(anonymous_7)","decl":{"start":{"line":81,"column":2},"end":{"line":81,"column":3}},"loc":{"start":{"line":81,"column":29},"end":{"line":89,"column":3}},"line":81},"8":{"name":"(anonymous_8)","decl":{"start":{"line":91,"column":2},"end":{"line":91,"column":3}},"loc":{"start":{"line":91,"column":31},"end":{"line":99,"column":3}},"line":91},"9":{"name":"(anonymous_9)","decl":{"start":{"line":101,"column":2},"end":{"line":101,"column":3}},"loc":{"start":{"line":101,"column":30},"end":{"line":109,"column":3}},"line":101},"10":{"name":"(anonymous_10)","decl":{"start":{"line":111,"column":2},"end":{"line":111,"column":3}},"loc":{"start":{"line":111,"column":32},"end":{"line":118,"column":3}},"line":111}},"branchMap":{"0":{"loc":{"start":{"line":23,"column":6},"end":{"line":25,"column":7}},"type":"if","locations":[{"start":{"line":23,"column":6},"end":{"line":25,"column":7}},{"start":{},"end":{}}],"line":23}},"s":{"0":3,"1":3,"2":3,"3":3,"4":3,"5":5,"6":5,"7":5,"8":4,"9":1,"10":1,"11":1,"12":1,"13":0,"14":1,"15":0,"16":1,"17":1,"18":1,"19":0,"20":3,"21":3,"22":3,"23":3,"24":0,"25":1,"26":1,"27":1,"28":1,"29":0,"30":1,"31":1,"32":1,"33":1,"34":0,"35":3,"36":3,"37":3,"38":2,"39":1,"40":2,"41":2,"42":2,"43":2,"44":0,"45":2,"46":2,"47":2,"48":1,"49":1,"50":1,"51":1,"52":1,"53":1,"54":0,"55":1,"56":1,"57":1,"58":0,"59":3},"f":{"0":5,"1":1,"2":1,"3":3,"4":1,"5":1,"6":3,"7":2,"8":2,"9":1,"10":1},"b":{"0":[0,1]},"_coverageSchema":"1a1c01bbd47fc00a2c39e90264f33305004495a9","hash":"95df9f9086ee269f286ff727bd8e1166b9d8c83c"}
,"/home/runner/work/tourdepizza/tourdepizza/backend/src/interfaces/http/controllers/PizzaController.js": {"path":"/home/runner/work/tourdepizza/tourdepizza/backend/src/interfaces/http/controllers/PizzaController.js","statementMap":{"0":{"start":{"line":2,"column":21},"end":{"line":2,"column":69}},"1":{"start":{"line":3,"column":24},"end":{"line":3,"column":79}},"2":{"start":{"line":4,"column":26},"end":{"line":4,"column":83}},"3":{"start":{"line":6,"column":21},"end":{"line":6,"column":73}},"4":{"start":{"line":10,"column":4},"end":{"line":15,"column":5}},"5":{"start":{"line":11,"column":21},"end":{"line":11,"column":54}},"6":{"start":{"line":12,"column":6},"end":{"line":12,"column":23}},"7":{"start":{"line":14,"column":6},"end":{"line":14,"column":53}},"8":{"start":{"line":19,"column":4},"end":{"line":24,"column":5}},"9":{"start":{"line":20,"column":20},"end":{"line":20,"column":66}},"10":{"start":{"line":21,"column":6},"end":{"line":21,"column":22}},"11":{"start":{"line":23,"column":6},"end":{"line":23,"column":53}},"12":{"start":{"line":28,"column":4},"end":{"line":34,"column":5}},"13":{"start":{"line":29,"column":52},"end":{"line":29,"column":60}},"14":{"start":{"line":30,"column":20},"end":{"line":30,"column":91}},"15":{"start":{"line":31,"column":6},"end":{"line":31,"column":34}},"16":{"start":{"line":33,"column":6},"end":{"line":33,"column":53}},"17":{"start":{"line":38,"column":4},"end":{"line":44,"column":5}},"18":{"start":{"line":39,"column":37},"end":{"line":39,"column":45}},"19":{"start":{"line":40,"column":20},"end":{"line":40,"column":76}},"20":{"start":{"line":41,"column":6},"end":{"line":41,"column":22}},"21":{"start":{"line":43,"column":6},"end":{"line":43,"column":53}},"22":{"start":{"line":48,"column":4},"end":{"line":54,"column":5}},"23":{"start":{"line":49,"column":37},"end":{"line":49,"column":45}},"24":{"start":{"line":50,"column":20},"end":{"line":50,"column":81}},"25":{"start":{"line":51,"column":6},"end":{"line":51,"column":22}},"26":{"start":{"line":53,"column":6},"end":{"line":53,"column":53}},"27":{"start":{"line":58,"column":4},"end":{"line":63,"column":5}},"28":{"start":{"line":59,"column":23},"end":{"line":59,"column":58}},"29":{"start":{"line":60,"column":6},"end":{"line":60,"column":25}},"30":{"start":{"line":62,"column":6},"end":{"line":62,"column":53}},"31":{"start":{"line":67,"column":4},"end":{"line":73,"column":5}},"32":{"start":{"line":68,"column":37},"end":{"line":68,"column":45}},"33":{"start":{"line":69,"column":21},"end":{"line":69,"column":74}},"34":{"start":{"line":70,"column":6},"end":{"line":70,"column":23}},"35":{"start":{"line":72,"column":6},"end":{"line":72,"column":53}},"36":{"start":{"line":77,"column":0},"end":{"line":77,"column":39}}},"fnMap":{"0":{"name":"(anonymous_0)","decl":{"start":{"line":9,"column":2},"end":{"line":9,"column":3}},"loc":{"start":{"line":9,"column":31},"end":{"line":16,"column":3}},"line":9},"1":{"name":"(anonymous_1)","decl":{"start":{"line":18,"column":2},"end":{"line":18,"column":3}},"loc":{"start":{"line":18,"column":31},"end":{"line":25,"column":3}},"line":18},"2":{"name":"(anonymous_2)","decl":{"start":{"line":27,"column":2},"end":{"line":27,"column":3}},"loc":{"start":{"line":27,"column":36},"end":{"line":35,"column":3}},"line":27},"3":{"name":"(anonymous_3)","decl":{"start":{"line":37,"column":2},"end":{"line":37,"column":3}},"loc":{"start":{"line":37,"column":29},"end":{"line":45,"column":3}},"line":37},"4":{"name":"(anonymous_4)","decl":{"start":{"line":47,"column":2},"end":{"line":47,"column":3}},"loc":{"start":{"line":47,"column":32},"end":{"line":55,"column":3}},"line":47},"5":{"name":"(anonymous_5)","decl":{"start":{"line":57,"column":2},"end":{"line":57,"column":3}},"loc":{"start":{"line":57,"column":33},"end":{"line":64,"column":3}},"line":57},"6":{"name":"(anonymous_6)","decl":{"start":{"line":66,"column":2},"end":{"line":66,"column":3}},"loc":{"start":{"line":66,"column":33},"end":{"line":74,"column":3}},"line":66}},"branchMap":{},"s":{"0":3,"1":3,"2":3,"3":3,"4":5,"5":5,"6":5,"7":0,"8":2,"9":2,"10":1,"11":1,"12":2,"13":2,"14":2,"15":1,"16":1,"17":0,"18":0,"19":0,"20":0,"21":0,"22":0,"23":0,"24":0,"25":0,"26":0,"27":1,"28":1,"29":1,"30":0,"31":1,"32":1,"33":1,"34":1,"35":0,"36":3},"f":{"0":5,"1":2,"2":2,"3":0,"4":0,"5":1,"6":1},"b":{},"_coverageSchema":"1a1c01bbd47fc00a2c39e90264f33305004495a9","hash":"695da60ae9ff66ff76e49cd38b5accf11200012c"}
,"/home/runner/work/tourdepizza/tourdepizza/backend/src/interfaces/http/routes/customerRoutes.js": {"path":"/home/runner/work/tourdepizza/tourdepizza/backend/src/interfaces/http/routes/customerRoutes.js","statementMap":{"0":{"start":{"line":2,"column":16},"end":{"line":2,"column":34}},"1":{"start":{"line":3,"column":15},"end":{"line":3,"column":31}},"2":{"start":{"line":4,"column":27},"end":{"line":4,"column":71}},"3":{"start":{"line":7,"column":0},"end":{"line":7,"column":77}},"4":{"start":{"line":10,"column":0},"end":{"line":10,"column":80}},"5":{"start":{"line":13,"column":0},"end":{"line":13,"column":79}},"6":{"start":{"line":16,"column":0},"end":{"line":16,"column":86}},"7":{"start":{"line":19,"column":0},"end":{"line":19,"column":92}},"8":{"start":{"line":22,"column":0},"end":{"line":22,"column":95}},"9":{"start":{"line":24,"column":0},"end":{"line":24,"column":24}}},"fnMap":{},"branchMap":{},"s":{"0":3,"1":3,"2":3,"3":3,"4":3,"5":3,"6":3,"7":3,"8":3,"9":3},"f":{},"b":{},"_coverageSchema":"1a1c01bbd47fc00a2c39e90264f33305004495a9","hash":"c978046c8fc580b54f47330321b17cd27b1920b9"}
,"/home/runner/work/tourdepizza/tourdepizza/backend/src/interfaces/http/routes/orderRoutes.js": {"path":"/home/runner/work/tourdepizza/tourdepizza/backend/src/interfaces/http/routes/orderRoutes.js","statementMap":{"0":{"start":{"line":2,"column":16},"end":{"line":2,"column":34}},"1":{"start":{"line":3,"column":15},"end":{"line":3,"column":31}},"2":{"start":{"line":4,"column":24},"end":{"line":4,"column":65}},"3":{"start":{"line":7,"column":0},"end":{"line":7,"column":68}},"4":{"start":{"line":10,"column":0},"end":{"line":10,"column":71}},"5":{"start":{"line":13,"column":0},"end":{"line":13,"column":95}},"6":{"start":{"line":16,"column":0},"end":{"line":16,"column":81}},"7":{"start":{"line":19,"column":0},"end":{"line":19,"column":89}},"8":{"start":{"line":22,"column":0},"end":{"line":22,"column":91}},"9":{"start":{"line":25,"column":0},"end":{"line":25,"column":91}},"10":{"start":{"line":28,"column":0},"end":{"line":28,"column":74}},"11":{"start":{"line":31,"column":0},"end":{"line":31,"column":76}},"12":{"start":{"line":34,"column":0},"end":{"line":34,"column":74}},"13":{"start":{"line":37,"column":0},"end":{"line":37,"column":78}},"14":{"start":{"line":39,"column":0},"end":{"line":39,"column":24}}},"fnMap":{},"branchMap":{},"s":{"0":3,"1":3,"2":3,"3":3,"4":3,"5":3,"6":3,"7":3,"8":3,"9":3,"10":3,"11":3,"12":3,"13":3,"14":3},"f":{},"b":{},"_coverageSchema":"1a1c01bbd47fc00a2c39e90264f33305004495a9","hash":"a5a5bdc91fde4e35e3ca10f4c167424fac27316e"}
,"/home/runner/work/tourdepizza/tourdepizza/backend/src/interfaces/http/routes/pizzaRoutes.js": {"path":"/home/runner/work/tourdepizza/tourdepizza/backend/src/interfaces/http/routes/pizzaRoutes.js","statementMap":{"0":{"start":{"line":2,"column":16},"end":{"line":2,"column":34}},"1":{"start":{"line":3,"column":15},"end":{"line":3,"column":31}},"2":{"start":{"line":4,"column":24},"end":{"line":4,"column":65}},"3":{"start":{"line":7,"column":0},"end":{"line":7,"column":68}},"4":{"start":{"line":10,"column":0},"end":{"line":10,"column":71}},"5":{"start":{"line":13,"column":0},"end":{"line":13,"column":74}},"6":{"start":{"line":16,"column":0},"end":{"line":16,"column":78}},"7":{"start":{"line":19,"column":0},"end":{"line":19,"column":84}},"8":{"start":{"line":22,"column":0},"end":{"line":22,"column":88}},"9":{"start":{"line":25,"column":0},"end":{"line":25,"column":86}},"10":{"start":{"line":27,"column":0},"end":{"line":27,"column":24}}},"fnMap":{},"branchMap":{},"s":{"0":3,"1":3,"2":3,"3":3,"4":3,"5":3,"6":3,"7":3,"8":3,"9":3,"10":3},"f":{},"b":{},"_coverageSchema":"1a1c01bbd47fc00a2c39e90264f33305004495a9","hash":"57ed9dd2eae17910c60503d621291c706cd46c18"}
}
