TN:
SF:src/domain/entities/Customer.js
FN:5,(anonymous_0)
FN:15,(anonymous_1)
FN:16,(anonymous_2)
FN:22,(anonymous_3)
FN:23,(anonymous_4)
FN:27,(anonymous_5)
FN:28,(anonymous_6)
FN:31,(anonymous_7)
FN:52,(anonymous_8)
FNF:9
FNH:9
FNDA:14,(anonymous_0)
FNDA:6,(anonymous_1)
FNDA:3,(anonymous_2)
FNDA:2,(anonymous_3)
FNDA:4,(anonymous_4)
FNDA:2,(anonymous_5)
FNDA:2,(anonymous_6)
FNDA:8,(anonymous_7)
FNDA:13,(anonymous_8)
DA:2,3
DA:6,14
DA:7,14
DA:8,14
DA:9,14
DA:10,14
DA:11,14
DA:12,14
DA:16,6
DA:17,5
DA:18,5
DA:23,4
DA:24,2
DA:28,2
DA:32,8
DA:34,8
DA:35,1
DA:38,8
DA:39,2
DA:42,8
DA:43,1
DA:46,8
DA:53,13
DA:54,13
DA:58,3
LF:25
LH:25
BRDA:5,0,0,2
BRDA:6,1,0,14
BRDA:6,1,1,14
BRDA:16,2,0,5
BRDA:16,2,1,1
BRDA:34,3,0,1
BRDA:34,3,1,7
BRDA:34,4,0,8
BRDA:34,4,1,7
BRDA:38,5,0,2
BRDA:38,5,1,6
BRDA:38,6,0,8
BRDA:38,6,1,8
BRDA:42,7,0,1
BRDA:42,7,1,7
BRDA:42,8,0,8
BRDA:42,8,1,7
BRF:17
BRH:17
end_of_record
TN:
SF:src/domain/entities/Order.js
FN:5,(anonymous_0)
FN:16,(anonymous_1)
FN:17,(anonymous_2)
FN:34,(anonymous_3)
FN:35,(anonymous_4)
FN:39,(anonymous_5)
FN:40,(anonymous_6)
FN:53,(anonymous_7)
FN:58,(anonymous_8)
FN:63,(anonymous_9)
FN:64,(anonymous_10)
FN:67,(anonymous_11)
FN:77,(anonymous_12)
FN:86,(anonymous_13)
FNF:14
FNH:14
FNDA:24,(anonymous_0)
FNDA:16,(anonymous_1)
FNDA:2,(anonymous_2)
FNDA:3,(anonymous_3)
FNDA:3,(anonymous_4)
FNDA:3,(anonymous_5)
FNDA:3,(anonymous_6)
FNDA:6,(anonymous_7)
FNDA:5,(anonymous_8)
FNDA:4,(anonymous_9)
FNDA:4,(anonymous_10)
FNDA:3,(anonymous_11)
FNDA:3,(anonymous_12)
FNDA:8,(anonymous_13)
DA:2,3
DA:6,24
DA:7,24
DA:8,24
DA:9,24
DA:10,24
DA:11,24
DA:12,24
DA:13,24
DA:17,16
DA:19,16
DA:20,1
DA:21,1
DA:23,15
DA:31,16
DA:35,3
DA:36,3
DA:40,3
DA:42,3
DA:43,3
DA:44,1
DA:46,2
DA:47,2
DA:48,2
DA:54,6
DA:55,6
DA:59,5
DA:60,5
DA:64,4
DA:68,3
DA:69,3
DA:70,1
DA:73,2
DA:74,2
DA:78,3
DA:79,1
DA:82,2
DA:83,2
DA:87,8
DA:89,8
DA:90,1
DA:93,8
DA:94,3
DA:97,8
DA:98,4
DA:101,8
DA:102,5
DA:105,8
DA:112,3
LF:49
LH:49
BRDA:5,0,0,24
BRDA:5,1,0,24
BRDA:5,2,0,24
BRDA:6,3,0,24
BRDA:6,3,1,24
BRDA:16,4,0,0
BRDA:19,5,0,1
BRDA:19,5,1,15
BRDA:42,6,0,3
BRDA:42,6,1,0
BRDA:43,7,0,1
BRDA:43,7,1,2
BRDA:69,8,0,1
BRDA:69,8,1,2
BRDA:78,9,0,1
BRDA:78,9,1,2
BRDA:89,10,0,1
BRDA:89,10,1,7
BRDA:93,11,0,3
BRDA:93,11,1,5
BRDA:93,12,0,8
BRDA:93,12,1,8
BRDA:97,13,0,4
BRDA:97,13,1,4
BRDA:101,14,0,5
BRDA:101,14,1,3
BRF:26
BRH:24
end_of_record
TN:
SF:src/domain/entities/Pizza.js
FN:5,(anonymous_0)
FN:15,(anonymous_1)
FN:16,(anonymous_2)
FN:21,(anonymous_3)
FN:22,(anonymous_4)
FN:25,(anonymous_5)
FN:32,(anonymous_6)
FN:36,(anonymous_7)
FN:38,(anonymous_8)
FN:41,(anonymous_9)
FNF:10
FNH:10
FNDA:47,(anonymous_0)
FNDA:3,(anonymous_1)
FNDA:1,(anonymous_2)
FNDA:1,(anonymous_3)
FNDA:2,(anonymous_4)
FNDA:22,(anonymous_5)
FNDA:3,(anonymous_6)
FNDA:8,(anonymous_7)
FNDA:2,(anonymous_8)
FNDA:6,(anonymous_9)
DA:2,5
DA:6,47
DA:7,47
DA:8,47
DA:9,47
DA:10,47
DA:11,47
DA:12,47
DA:16,3
DA:17,2
DA:22,2
DA:26,22
DA:32,22
DA:33,22
DA:37,8
DA:38,2
DA:42,6
DA:44,6
DA:45,2
DA:48,6
DA:49,2
DA:52,6
DA:53,2
DA:56,6
DA:63,5
LF:25
LH:25
BRDA:5,0,0,0
BRDA:5,1,0,0
BRDA:6,2,0,47
BRDA:6,2,1,26
BRDA:16,3,0,2
BRDA:16,3,1,1
BRDA:33,4,0,22
BRDA:33,4,1,0
BRDA:37,5,0,8
BRDA:37,5,1,4
BRDA:38,6,0,2
BRDA:38,6,1,2
BRDA:44,7,0,2
BRDA:44,7,1,4
BRDA:44,8,0,6
BRDA:44,8,1,4
BRDA:48,9,0,2
BRDA:48,9,1,4
BRDA:48,10,0,6
BRDA:48,10,1,5
BRDA:52,11,0,2
BRDA:52,11,1,4
BRF:22
BRH:19
end_of_record
TN:
SF:src/domain/entities/Topping.js
FN:5,(anonymous_0)
FN:13,(anonymous_1)
FNF:2
FNH:1
FNDA:52,(anonymous_0)
FNDA:0,(anonymous_1)
DA:2,4
DA:6,52
DA:7,52
DA:8,52
DA:9,52
DA:10,52
DA:14,0
DA:16,0
DA:17,0
DA:20,0
DA:21,0
DA:24,0
DA:31,4
LF:13
LH:7
BRDA:5,0,0,0
BRDA:5,1,0,22
BRDA:6,2,0,52
BRDA:6,2,1,49
BRDA:16,3,0,0
BRDA:16,3,1,0
BRDA:16,4,0,0
BRDA:16,4,1,0
BRDA:20,5,0,0
BRDA:20,5,1,0
BRDA:20,6,0,0
BRDA:20,6,1,0
BRF:12
BRH:3
end_of_record
TN:
SF:src/domain/repositories/CustomerRepository.js
FN:6,(anonymous_0)
FN:10,(anonymous_1)
FN:14,(anonymous_2)
FN:15,(anonymous_3)
FN:18,(anonymous_4)
FN:22,(anonymous_5)
FN:31,(anonymous_6)
FN:35,(anonymous_7)
FN:48,(anonymous_8)
FN:51,(anonymous_9)
FN:61,(anonymous_10)
FNF:11
FNH:8
FNDA:3,(anonymous_0)
FNDA:17,(anonymous_1)
FNDA:4,(anonymous_2)
FNDA:2,(anonymous_3)
FNDA:0,(anonymous_4)
FNDA:2,(anonymous_5)
FNDA:0,(anonymous_6)
FNDA:5,(anonymous_7)
FNDA:4,(anonymous_8)
FNDA:6,(anonymous_9)
FNDA:0,(anonymous_10)
DA:3,3
DA:7,3
DA:11,17
DA:15,4
DA:19,0
DA:24,2
DA:25,0
DA:27,2
DA:28,2
DA:32,0
DA:36,5
DA:37,0
DA:40,5
DA:41,4
DA:43,5
DA:44,5
DA:51,4
DA:53,6
DA:54,6
DA:63,0
DA:67,3
LF:21
LH:16
BRDA:11,0,0,17
BRDA:11,0,1,2
BRDA:15,1,0,4
BRDA:15,1,1,3
BRDA:24,2,0,0
BRDA:24,2,1,2
BRDA:24,3,0,2
BRDA:24,3,1,2
BRDA:36,4,0,0
BRDA:36,4,1,5
BRDA:40,5,0,4
BRDA:40,5,1,1
BRDA:40,6,0,5
BRDA:40,6,1,5
BRDA:53,7,0,3
BRDA:53,7,1,3
BRF:16
BRH:14
end_of_record
TN:
SF:src/domain/repositories/OrderRepository.js
FN:5,(anonymous_0)
FN:9,(anonymous_1)
FN:13,(anonymous_2)
FN:17,(anonymous_3)
FN:18,(anonymous_4)
FN:21,(anonymous_5)
FN:22,(anonymous_6)
FN:25,(anonymous_7)
FN:30,(anonymous_8)
FN:34,(anonymous_9)
FNF:10
FNH:6
FNDA:3,(anonymous_0)
FNDA:15,(anonymous_1)
FNDA:0,(anonymous_2)
FNDA:1,(anonymous_3)
FNDA:1,(anonymous_4)
FNDA:0,(anonymous_5)
FNDA:0,(anonymous_6)
FNDA:4,(anonymous_7)
FNDA:0,(anonymous_8)
FNDA:11,(anonymous_9)
DA:6,3
DA:10,15
DA:14,0
DA:18,1
DA:22,0
DA:26,4
DA:27,4
DA:31,0
DA:35,11
DA:36,0
DA:38,11
DA:39,11
DA:43,3
LF:13
LH:9
BRDA:10,0,0,15
BRDA:10,0,1,0
BRDA:35,1,0,0
BRDA:35,1,1,11
BRF:4
BRH:2
end_of_record
TN:
SF:src/domain/repositories/PizzaRepository.js
FN:5,(anonymous_0)
FN:10,(anonymous_1)
FN:31,(anonymous_2)
FN:35,(anonymous_3)
FN:39,(anonymous_4)
FN:44,(anonymous_5)
FN:48,(anonymous_6)
FN:49,(anonymous_7)
FNF:8
FNH:5
FNDA:3,(anonymous_0)
FNDA:3,(anonymous_1)
FNDA:6,(anonymous_2)
FNDA:5,(anonymous_3)
FNDA:10,(anonymous_4)
FNDA:0,(anonymous_5)
FNDA:0,(anonymous_6)
FNDA:0,(anonymous_7)
DA:6,3
DA:7,3
DA:11,3
DA:12,3
DA:15,3
DA:16,3
DA:17,3
DA:18,3
DA:19,3
DA:22,3
DA:23,3
DA:24,3
DA:26,3
DA:27,3
DA:28,3
DA:32,6
DA:36,5
DA:40,10
DA:41,10
DA:45,0
DA:49,0
DA:50,0
DA:55,3
LF:23
LH:20
BRDA:32,0,0,6
BRDA:32,0,1,1
BRF:2
BRH:2
end_of_record
TN:
SF:src/domain/repositories/ToppingRepository.js
FN:5,(anonymous_0)
FN:10,(anonymous_1)
FN:26,(anonymous_2)
FN:29,(anonymous_3)
FN:33,(anonymous_4)
FN:37,(anonymous_5)
FN:38,(anonymous_6)
FN:41,(anonymous_7)
FN:46,(anonymous_8)
FNF:9
FNH:6
FNDA:3,(anonymous_0)
FNDA:3,(anonymous_1)
FNDA:30,(anonymous_2)
FNDA:0,(anonymous_3)
FNDA:0,(anonymous_4)
FNDA:1,(anonymous_5)
FNDA:10,(anonymous_6)
FNDA:30,(anonymous_7)
FNDA:0,(anonymous_8)
DA:6,3
DA:7,3
DA:11,3
DA:13,3
DA:26,30
DA:30,0
DA:34,0
DA:38,10
DA:42,30
DA:43,30
DA:47,0
DA:51,3
LF:12
LH:9
BRDA:30,0,0,0
BRDA:30,0,1,0
BRF:2
BRH:0
end_of_record
TN:
SF:src/domain/services/CustomerService.js
FN:5,(anonymous_0)
FN:9,(anonymous_1)
FN:28,(anonymous_2)
FN:51,(anonymous_3)
FN:61,(anonymous_4)
FN:70,(anonymous_5)
FN:78,(anonymous_6)
FNF:7
FNH:7
FNDA:3,(anonymous_0)
FNDA:4,(anonymous_1)
FNDA:4,(anonymous_2)
FNDA:1,(anonymous_3)
FNDA:2,(anonymous_4)
FNDA:2,(anonymous_5)
FNDA:1,(anonymous_6)
DA:6,3
DA:10,4
DA:13,4
DA:14,4
DA:15,1
DA:18,3
DA:20,3
DA:21,3
DA:22,1
DA:25,2
DA:29,4
DA:30,4
DA:32,4
DA:33,0
DA:36,4
DA:42,4
DA:43,4
DA:44,1
DA:47,3
DA:48,3
DA:52,1
DA:53,1
DA:54,0
DA:57,1
DA:58,1
DA:62,2
DA:63,2
DA:64,0
DA:67,2
DA:71,2
DA:72,2
DA:73,1
DA:75,1
DA:79,1
DA:80,1
DA:81,0
DA:84,1
DA:85,1
DA:87,0
DA:88,0
DA:89,0
DA:91,0
DA:93,1
DA:95,1
DA:97,1
DA:98,1
DA:99,0
DA:102,1
DA:106,3
LF:49
LH:40
BRDA:14,0,0,1
BRDA:14,0,1,3
BRDA:21,1,0,1
BRDA:21,1,1,2
BRDA:32,2,0,0
BRDA:32,2,1,4
BRDA:38,3,0,4
BRDA:38,3,1,0
BRDA:39,4,0,4
BRDA:39,4,1,3
BRDA:43,5,0,1
BRDA:43,5,1,3
BRDA:53,6,0,0
BRDA:53,6,1,1
BRDA:63,7,0,0
BRDA:63,7,1,2
BRDA:72,8,0,1
BRDA:72,8,1,1
BRDA:80,9,0,0
BRDA:80,9,1,1
BRDA:84,10,0,1
BRDA:84,10,1,0
BRDA:85,11,0,0
BRDA:85,11,1,1
BRDA:88,12,0,0
BRDA:88,12,1,0
BRDA:88,13,0,0
BRDA:88,13,1,0
BRDA:93,14,0,1
BRDA:93,14,1,0
BRDA:98,15,0,0
BRDA:98,15,1,1
BRF:32
BRH:19
end_of_record
TN:
SF:src/domain/services/OrderService.js
FN:5,(anonymous_0)
FN:11,(anonymous_1)
FN:23,(anonymous_2)
FN:38,(anonymous_3)
FN:48,(anonymous_4)
FN:58,(anonymous_5)
FN:84,(anonymous_6)
FN:110,(anonymous_7)
FN:119,(anonymous_8)
FN:120,(anonymous_9)
FN:134,(anonymous_10)
FN:144,(anonymous_11)
FNF:12
FNH:12
FNDA:3,(anonymous_0)
FNDA:5,(anonymous_1)
FNDA:3,(anonymous_2)
FNDA:1,(anonymous_3)
FNDA:1,(anonymous_4)
FNDA:3,(anonymous_5)
FNDA:2,(anonymous_6)
FNDA:2,(anonymous_7)
FNDA:1,(anonymous_8)
FNDA:2,(anonymous_9)
FNDA:1,(anonymous_10)
FNDA:1,(anonymous_11)
DA:6,3
DA:7,3
DA:8,3
DA:12,5
DA:13,5
DA:15,5
DA:16,1
DA:19,4
DA:20,4
DA:24,3
DA:25,3
DA:26,0
DA:29,3
DA:30,3
DA:31,0
DA:34,3
DA:35,3
DA:39,1
DA:40,1
DA:41,0
DA:44,1
DA:45,1
DA:49,1
DA:50,1
DA:51,0
DA:54,1
DA:55,1
DA:59,3
DA:60,3
DA:62,3
DA:63,0
DA:66,3
DA:75,3
DA:76,3
DA:77,1
DA:80,2
DA:81,2
DA:85,2
DA:86,2
DA:88,2
DA:89,0
DA:92,2
DA:101,2
DA:102,2
DA:103,0
DA:106,2
DA:107,2
DA:111,2
DA:112,2
DA:113,0
DA:117,2
DA:118,2
DA:119,1
DA:120,1
DA:121,2
DA:125,1
DA:126,1
DA:130,1
DA:131,1
DA:135,1
DA:136,1
DA:137,0
DA:140,1
DA:141,1
DA:145,1
DA:146,1
DA:147,0
DA:150,1
DA:154,3
LF:69
LH:59
BRDA:15,0,0,1
BRDA:15,0,1,4
BRDA:23,1,0,0
BRDA:25,2,0,0
BRDA:25,2,1,3
BRDA:30,3,0,0
BRDA:30,3,1,3
BRDA:40,4,0,0
BRDA:40,4,1,1
BRDA:50,5,0,0
BRDA:50,5,1,1
BRDA:62,6,0,0
BRDA:62,6,1,3
BRDA:76,7,0,1
BRDA:76,7,1,2
BRDA:88,8,0,0
BRDA:88,8,1,2
BRDA:102,9,0,0
BRDA:102,9,1,2
BRDA:112,10,0,0
BRDA:112,10,1,2
BRDA:118,11,0,1
BRDA:118,11,1,1
BRDA:118,12,0,2
BRDA:118,12,1,2
BRDA:125,13,0,1
BRDA:125,13,1,0
BRDA:136,14,0,0
BRDA:136,14,1,1
BRDA:146,15,0,0
BRDA:146,15,1,1
BRF:31
BRH:19
end_of_record
TN:
SF:src/domain/services/PizzaService.js
FN:5,(anonymous_0)
FN:10,(anonymous_1)
FN:26,(anonymous_2)
FN:39,(anonymous_3)
FN:64,(anonymous_4)
FN:74,(anonymous_5)
FN:84,(anonymous_6)
FN:88,(anonymous_7)
FN:96,(anonymous_8)
FN:100,(anonymous_9)
FN:106,(anonymous_10)
FNF:11
FNH:7
FNDA:3,(anonymous_0)
FNDA:2,(anonymous_1)
FNDA:0,(anonymous_2)
FNDA:0,(anonymous_3)
FNDA:0,(anonymous_4)
FNDA:0,(anonymous_5)
FNDA:5,(anonymous_6)
FNDA:2,(anonymous_7)
FNDA:1,(anonymous_8)
FNDA:1,(anonymous_9)
FNDA:2,(anonymous_10)
DA:6,3
DA:7,3
DA:11,2
DA:13,2
DA:14,2
DA:15,0
DA:16,0
DA:17,0
DA:19,0
DA:20,0
DA:22,0
DA:26,2
DA:27,2
DA:29,2
DA:31,2
DA:32,2
DA:33,1
DA:36,1
DA:40,0
DA:41,0
DA:42,0
DA:45,0
DA:46,0
DA:47,0
DA:50,0
DA:51,0
DA:54,0
DA:57,0
DA:58,0
DA:61,0
DA:65,0
DA:66,0
DA:67,0
DA:70,0
DA:73,0
DA:74,0
DA:75,0
DA:76,0
DA:79,0
DA:81,0
DA:85,5
DA:89,2
DA:90,2
DA:91,1
DA:93,1
DA:97,1
DA:101,1
DA:102,1
DA:103,0
DA:106,2
DA:107,1
DA:114,3
LF:52
LH:23
BRDA:10,0,0,1
BRDA:16,1,0,0
BRDA:16,1,1,0
BRDA:19,2,0,0
BRDA:19,2,1,0
BRDA:32,3,0,1
BRDA:32,3,1,1
BRDA:41,4,0,0
BRDA:41,4,1,0
BRDA:46,5,0,0
BRDA:46,5,1,0
BRDA:50,6,0,0
BRDA:50,6,1,0
BRDA:57,7,0,0
BRDA:57,7,1,0
BRDA:57,8,0,0
BRDA:57,8,1,0
BRDA:66,9,0,0
BRDA:66,9,1,0
BRDA:75,10,0,0
BRDA:75,10,1,0
BRDA:90,11,0,1
BRDA:90,11,1,1
BRDA:102,12,0,0
BRDA:102,12,1,1
BRF:25
BRH:6
end_of_record
TN:
SF:src/domain/value-objects/Allergy.js
FN:6,(anonymous_0)
FN:13,(anonymous_1)
FN:17,(anonymous_2)
FN:21,(anonymous_3)
FN:25,(anonymous_4)
FN:33,(anonymous_5)
FN:50,(anonymous_6)
FNF:7
FNH:4
FNDA:10,(anonymous_0)
FNDA:9,(anonymous_1)
FNDA:0,(anonymous_2)
FNDA:0,(anonymous_3)
FNDA:0,(anonymous_4)
FNDA:4,(anonymous_5)
FNDA:3,(anonymous_6)
DA:7,10
DA:8,10
DA:9,10
DA:10,10
DA:14,9
DA:18,0
DA:22,0
DA:26,0
DA:27,0
DA:29,0
DA:34,4
DA:36,4
DA:37,0
DA:40,4
DA:41,1
DA:44,4
DA:51,3
DA:59,2
LF:18
LH:12
BRDA:6,0,0,0
BRDA:6,1,0,5
BRDA:26,2,0,0
BRDA:26,2,1,0
BRDA:29,3,0,0
BRDA:29,3,1,0
BRDA:36,4,0,0
BRDA:36,4,1,4
BRDA:36,5,0,4
BRDA:36,5,1,4
BRDA:40,6,0,1
BRDA:40,6,1,3
BRF:12
BRH:6
end_of_record
TN:
SF:src/domain/value-objects/DeliveryAddress.js
FN:5,(anonymous_0)
FN:15,(anonymous_1)
FN:19,(anonymous_2)
FN:23,(anonymous_3)
FN:27,(anonymous_4)
FN:31,(anonymous_5)
FN:35,(anonymous_6)
FN:39,(anonymous_7)
FN:50,(anonymous_8)
FN:75,(anonymous_9)
FN:79,(anonymous_10)
FNF:11
FNH:3
FNDA:7,(anonymous_0)
FNDA:0,(anonymous_1)
FNDA:0,(anonymous_2)
FNDA:0,(anonymous_3)
FNDA:0,(anonymous_4)
FNDA:0,(anonymous_5)
FNDA:0,(anonymous_6)
FNDA:0,(anonymous_7)
FNDA:3,(anonymous_8)
FNDA:0,(anonymous_9)
FNDA:5,(anonymous_10)
DA:6,7
DA:7,7
DA:8,7
DA:9,7
DA:10,7
DA:11,7
DA:12,7
DA:16,0
DA:20,0
DA:24,0
DA:28,0
DA:32,0
DA:36,0
DA:40,0
DA:41,0
DA:43,0
DA:51,3
DA:53,3
DA:54,0
DA:57,3
DA:58,0
DA:61,3
DA:62,0
DA:65,3
DA:66,1
DA:69,3
DA:76,0
DA:80,5
DA:91,3
LF:29
LH:16
BRDA:5,0,0,6
BRDA:5,1,0,6
BRDA:40,2,0,0
BRDA:40,2,1,0
BRDA:43,3,0,0
BRDA:43,3,1,0
BRDA:43,3,2,0
BRDA:43,3,3,0
BRDA:43,3,4,0
BRDA:53,4,0,0
BRDA:53,4,1,3
BRDA:53,5,0,3
BRDA:53,5,1,3
BRDA:57,6,0,0
BRDA:57,6,1,3
BRDA:57,7,0,3
BRDA:57,7,1,3
BRDA:61,8,0,0
BRDA:61,8,1,3
BRDA:61,9,0,3
BRDA:61,9,1,3
BRDA:65,10,0,1
BRDA:65,10,1,2
BRDA:65,11,0,3
BRDA:65,11,1,3
BRF:25
BRH:15
end_of_record
TN:
SF:src/domain/value-objects/Payment.js
FN:5,(anonymous_0)
FN:15,(anonymous_1)
FN:19,(anonymous_2)
FN:23,(anonymous_3)
FN:27,(anonymous_4)
FN:31,(anonymous_5)
FN:35,(anonymous_6)
FN:42,(anonymous_7)
FN:69,(anonymous_8)
FNF:9
FNH:4
FNDA:5,(anonymous_0)
FNDA:0,(anonymous_1)
FNDA:0,(anonymous_2)
FNDA:0,(anonymous_3)
FNDA:0,(anonymous_4)
FNDA:0,(anonymous_5)
FNDA:5,(anonymous_6)
FNDA:2,(anonymous_7)
FNDA:3,(anonymous_8)
DA:6,5
DA:7,5
DA:8,5
DA:9,5
DA:10,5
DA:11,5
DA:12,5
DA:16,0
DA:20,0
DA:24,0
DA:28,0
DA:32,0
DA:37,5
DA:38,5
DA:39,5
DA:43,2
DA:45,2
DA:46,0
DA:49,2
DA:50,2
DA:51,0
DA:54,2
DA:55,0
DA:58,2
DA:59,0
DA:63,2
DA:70,3
DA:80,3
LF:28
LH:19
BRDA:7,0,0,5
BRDA:7,0,1,0
BRDA:10,1,0,5
BRDA:10,1,1,0
BRDA:37,2,0,0
BRDA:37,2,1,5
BRDA:45,3,0,0
BRDA:45,3,1,2
BRDA:49,4,0,2
BRDA:49,4,1,0
BRDA:50,5,0,0
BRDA:50,5,1,2
BRDA:54,6,0,0
BRDA:54,6,1,2
BRDA:54,7,0,2
BRDA:54,7,1,2
BRDA:58,8,0,0
BRDA:58,8,1,2
BRDA:58,9,0,2
BRDA:58,9,1,2
BRF:20
BRH:12
end_of_record
TN:
SF:src/interfaces/http/controllers/CustomerController.js
FN:8,(anonymous_0)
FN:18,(anonymous_1)
FN:27,(anonymous_2)
FN:36,(anonymous_3)
FN:46,(anonymous_4)
FN:56,(anonymous_5)
FNF:6
FNH:6
FNDA:4,(anonymous_0)
FNDA:2,(anonymous_1)
FNDA:1,(anonymous_2)
FNDA:4,(anonymous_3)
FNDA:1,(anonymous_4)
FNDA:2,(anonymous_5)
DA:2,3
DA:3,3
DA:5,3
DA:9,4
DA:10,4
DA:11,4
DA:12,2
DA:14,2
DA:19,2
DA:20,2
DA:21,1
DA:23,1
DA:28,1
DA:29,1
DA:30,1
DA:32,0
DA:37,4
DA:38,4
DA:39,4
DA:40,3
DA:42,1
DA:47,1
DA:48,1
DA:49,1
DA:50,1
DA:52,0
DA:57,2
DA:58,2
DA:59,2
DA:61,0
DA:66,3
LF:31
LH:28
BRF:0
BRH:0
end_of_record
TN:
SF:src/interfaces/http/controllers/OrderController.js
FN:10,(anonymous_0)
FN:20,(anonymous_1)
FN:32,(anonymous_2)
FN:41,(anonymous_3)
FN:51,(anonymous_4)
FN:61,(anonymous_5)
FN:71,(anonymous_6)
FN:81,(anonymous_7)
FN:91,(anonymous_8)
FN:101,(anonymous_9)
FN:111,(anonymous_10)
FNF:11
FNH:11
FNDA:5,(anonymous_0)
FNDA:1,(anonymous_1)
FNDA:1,(anonymous_2)
FNDA:3,(anonymous_3)
FNDA:1,(anonymous_4)
FNDA:1,(anonymous_5)
FNDA:3,(anonymous_6)
FNDA:2,(anonymous_7)
FNDA:2,(anonymous_8)
FNDA:1,(anonymous_9)
FNDA:1,(anonymous_10)
DA:2,3
DA:3,3
DA:4,3
DA:5,3
DA:7,3
DA:11,5
DA:12,5
DA:13,5
DA:14,4
DA:16,1
DA:21,1
DA:22,1
DA:23,1
DA:24,0
DA:26,1
DA:28,0
DA:33,1
DA:34,1
DA:35,1
DA:37,0
DA:42,3
DA:43,3
DA:44,3
DA:45,3
DA:47,0
DA:52,1
DA:53,1
DA:54,1
DA:55,1
DA:57,0
DA:62,1
DA:63,1
DA:64,1
DA:65,1
DA:67,0
DA:72,3
DA:73,3
DA:74,3
DA:75,2
DA:77,1
DA:82,2
DA:83,2
DA:84,2
DA:85,2
DA:87,0
DA:92,2
DA:93,2
DA:94,2
DA:95,1
DA:97,1
DA:102,1
DA:103,1
DA:104,1
DA:105,1
DA:107,0
DA:112,1
DA:113,1
DA:114,1
DA:116,0
DA:121,3
LF:60
LH:51
BRDA:23,0,0,0
BRDA:23,0,1,1
BRF:2
BRH:1
end_of_record
TN:
SF:src/interfaces/http/controllers/PizzaController.js
FN:9,(anonymous_0)
FN:18,(anonymous_1)
FN:27,(anonymous_2)
FN:37,(anonymous_3)
FN:47,(anonymous_4)
FN:57,(anonymous_5)
FN:66,(anonymous_6)
FNF:7
FNH:5
FNDA:5,(anonymous_0)
FNDA:2,(anonymous_1)
FNDA:2,(anonymous_2)
FNDA:0,(anonymous_3)
FNDA:0,(anonymous_4)
FNDA:1,(anonymous_5)
FNDA:1,(anonymous_6)
DA:2,3
DA:3,3
DA:4,3
DA:6,3
DA:10,5
DA:11,5
DA:12,5
DA:14,0
DA:19,2
DA:20,2
DA:21,1
DA:23,1
DA:28,2
DA:29,2
DA:30,2
DA:31,1
DA:33,1
DA:38,0
DA:39,0
DA:40,0
DA:41,0
DA:43,0
DA:48,0
DA:49,0
DA:50,0
DA:51,0
DA:53,0
DA:58,1
DA:59,1
DA:60,1
DA:62,0
DA:67,1
DA:68,1
DA:69,1
DA:70,1
DA:72,0
DA:77,3
LF:37
LH:24
BRF:0
BRH:0
end_of_record
TN:
SF:src/interfaces/http/routes/customerRoutes.js
FNF:0
FNH:0
DA:2,3
DA:3,3
DA:4,3
DA:7,3
DA:10,3
DA:13,3
DA:16,3
DA:19,3
DA:22,3
DA:24,3
LF:10
LH:10
BRF:0
BRH:0
end_of_record
TN:
SF:src/interfaces/http/routes/orderRoutes.js
FNF:0
FNH:0
DA:2,3
DA:3,3
DA:4,3
DA:7,3
DA:10,3
DA:13,3
DA:16,3
DA:19,3
DA:22,3
DA:25,3
DA:28,3
DA:31,3
DA:34,3
DA:37,3
DA:39,3
LF:15
LH:15
BRF:0
BRH:0
end_of_record
TN:
SF:src/interfaces/http/routes/pizzaRoutes.js
FNF:0
FNH:0
DA:2,3
DA:3,3
DA:4,3
DA:7,3
DA:10,3
DA:13,3
DA:16,3
DA:19,3
DA:22,3
DA:25,3
DA:27,3
LF:11
LH:11
BRF:0
BRH:0
end_of_record
